<?xml version="1.0" encoding="UTF-8"?>
<!-- Generated by org.testng.reporters.JUnitXMLReporter -->
<testsuite ignored="0" hostname="RAXXXX.local" failures="41" tests="198" name="Test1" time="8927.649" errors="0" timestamp="08 Nov 2017 17:27:28 GMT">
  <testcase classname="com.vans.AllWeather.EraMte.EraMteTest" name="addToCart" time="10.065">
    <failure type="org.openqa.selenium.NoSuchElementException" message="Unable to locate element: {&amp;quot;method&amp;quot;:&amp;quot;xpath&amp;quot;,&amp;quot;selector&amp;quot;:&amp;quot;html/body/div[2]/section/div/div[3]/div[2]/div[6]/div[2]/ul/li[3]/a&amp;quot;}
Command duration or timeout: 2.61 seconds
For documentation on this error, please visit: http://seleniumhq.org/exceptions/no_such_element.html
Build info: version: &amp;apos;2.53.0&amp;apos;, revision: &amp;apos;35ae25b1534ae328c771e0856c93e187490ca824&amp;apos;, time: &amp;apos;2016-03-15 10:43:46&amp;apos;
System info: host: &amp;apos;RAXXXX.local&amp;apos;, ip: &amp;apos;192.168.10.146&amp;apos;, os.name: &amp;apos;Mac OS X&amp;apos;, os.arch: &amp;apos;x86_64&amp;apos;, os.version: &amp;apos;10.11.6&amp;apos;, java.version: &amp;apos;9&amp;apos;
Driver info: org.openqa.selenium.firefox.FirefoxDriver
Capabilities [{applicationCacheEnabled=true, rotatable=false, handlesAlerts=true, databaseEnabled=true, version=45.0.1, platform=MAC, nativeEvents=false, acceptSslCerts=true, webStorageEnabled=true, locationContextEnabled=true, browserName=firefox, takesScreenshot=true, javascriptEnabled=true, cssSelectorsEnabled=true}]
Session ID: 58a9e120-0f61-9848-a631-e4715ae5d706
*** Element info: {Using=xpath, value=html/body/div[2]/section/div/div[3]/div[2]/div[6]/div[2]/ul/li[3]/a}">
      <![CDATA[org.openqa.selenium.NoSuchElementException: Unable to locate element: {"method":"xpath","selector":"html/body/div[2]/section/div/div[3]/div[2]/div[6]/div[2]/ul/li[3]/a"}
Command duration or timeout: 2.61 seconds
For documentation on this error, please visit: http://seleniumhq.org/exceptions/no_such_element.html
Build info: version: '2.53.0', revision: '35ae25b1534ae328c771e0856c93e187490ca824', time: '2016-03-15 10:43:46'
System info: host: 'RAXXXX.local', ip: '192.168.10.146', os.name: 'Mac OS X', os.arch: 'x86_64', os.version: '10.11.6', java.version: '9'
Driver info: org.openqa.selenium.firefox.FirefoxDriver
Capabilities [{applicationCacheEnabled=true, rotatable=false, handlesAlerts=true, databaseEnabled=true, version=45.0.1, platform=MAC, nativeEvents=false, acceptSslCerts=true, webStorageEnabled=true, locationContextEnabled=true, browserName=firefox, takesScreenshot=true, javascriptEnabled=true, cssSelectorsEnabled=true}]
Session ID: 58a9e120-0f61-9848-a631-e4715ae5d706
*** Element info: {Using=xpath, value=html/body/div[2]/section/div/div[3]/div[2]/div[6]/div[2]/ul/li[3]/a}
	at org.openqa.selenium.remote.ErrorHandler.createThrowable(ErrorHandler.java:206)
	at org.openqa.selenium.remote.ErrorHandler.throwIfResponseFailed(ErrorHandler.java:158)
	at org.openqa.selenium.remote.RemoteWebDriver.execute(RemoteWebDriver.java:678)
	at org.openqa.selenium.remote.RemoteWebDriver.findElement(RemoteWebDriver.java:363)
	at org.openqa.selenium.remote.RemoteWebDriver.findElementByXPath(RemoteWebDriver.java:500)
	at org.openqa.selenium.By$ByXPath.findElement(By.java:361)
	at org.openqa.selenium.remote.RemoteWebDriver.findElement(RemoteWebDriver.java:355)
	at org.openqa.selenium.support.pagefactory.DefaultElementLocator.findElement(DefaultElementLocator.java:69)
	at org.openqa.selenium.support.pagefactory.internal.LocatingElementHandler.invoke(LocatingElementHandler.java:38)
	at com.sun.proxy.$Proxy9.getWrappedElement(Unknown Source)
	at org.openqa.selenium.remote.internal.WebElementToJsonConverter.apply(WebElementToJsonConverter.java:49)
	at com.google.common.collect.Iterators$8.transform(Iterators.java:817)
	at com.google.common.collect.TransformedIterator.next(TransformedIterator.java:48)
	at com.google.common.collect.Iterators.addAll(Iterators.java:365)
	at com.google.common.collect.Lists.newArrayList(Lists.java:162)
	at com.google.common.collect.Lists.newArrayList(Lists.java:146)
	at org.openqa.selenium.remote.RemoteWebDriver.executeScript(RemoteWebDriver.java:572)
	at com.vans.core.VansBasePage.materialstab(VansBasePage.java:151)
	at com.vans.AllWeather.EraMte.EraMteTest.addToCart(EraMteTest.java:47)
Caused by: org.openqa.selenium.NoSuchElementException: Unable to locate element: {"method":"xpath","selector":"html/body/div[2]/section/div/div[3]/div[2]/div[6]/div[2]/ul/li[3]/a"}
For documentation on this error, please visit: http://seleniumhq.org/exceptions/no_such_element.html
Build info: version: '2.53.0', revision: '35ae25b1534ae328c771e0856c93e187490ca824', time: '2016-03-15 10:43:46'
System info: host: 'RAXXXX.local', ip: '192.168.10.146', os.name: 'Mac OS X', os.arch: 'x86_64', os.version: '10.11.6', java.version: '9'
Driver info: driver.version: unknown
	at <anonymous class>.FirefoxDriver.prototype.findElementInternal_(file:///var/folders/j2/808yw4z113565wfnrygbz_2w0000gq/T/anonymous4685888344666386507webdriver-profile/extensions/fxdriver@googlecode.com/components/driver-component.js:10770)
	at <anonymous class>.FirefoxDriver.prototype.findElement(file:///var/folders/j2/808yw4z113565wfnrygbz_2w0000gq/T/anonymous4685888344666386507webdriver-profile/extensions/fxdriver@googlecode.com/components/driver-component.js:10779)
	at <anonymous class>.DelayedCommand.prototype.executeInternal_/h(file:///var/folders/j2/808yw4z113565wfnrygbz_2w0000gq/T/anonymous4685888344666386507webdriver-profile/extensions/fxdriver@googlecode.com/components/command-processor.js:12661)
	at <anonymous class>.DelayedCommand.prototype.executeInternal_(file:///var/folders/j2/808yw4z113565wfnrygbz_2w0000gq/T/anonymous4685888344666386507webdriver-profile/extensions/fxdriver@googlecode.com/components/command-processor.js:12666)
	at <anonymous class>.DelayedCommand.prototype.execute/<(file:///var/folders/j2/808yw4z113565wfnrygbz_2w0000gq/T/anonymous4685888344666386507webdriver-profile/extensions/fxdriver@googlecode.com/components/command-processor.js:12608)
... Removed 29 stack frames]]>
    </failure>
  </testcase> <!-- addToCart -->
  <testcase classname="com.vans.AllWeather.EraMte.EraMteTest" name="addToWishList" time="14.038"/>
  <testcase classname="com.vans.AllWeather.EraMte.EraMteTest" name="verifyAllQtyPresent" time="17.704"/>
  <testcase classname="com.vans.AllWeather.EraMte.EraMteTest" name="verifyAllSizesPresent" time="22.333"/>
  <testcase classname="com.vans.AllWeather.EraMte.EraMteTest" name="verifyAllflyOutMenuOptions" time="22.081"/>
  <testcase classname="com.vans.AllWeather.EraMte.EraMteTest" name="verifyBaseurlForSk8HiMte" time="9.301"/>
  <testcase classname="com.vans.AllWeather.EraMte.EraMteTest" name="verifyClickOnBuyButton" time="16.855"/>
  <testcase classname="com.vans.AllWeather.EraMte.EraMteTest" name="verifyEmailShareButton" time="20.543"/>
  <testcase classname="com.vans.AllWeather.EraMte.EraMteTest" name="verifyMaterialsUpcharge" time="16.108"/>
  <testcase classname="com.vans.AllWeather.EraMte.EraMteTest" name="verifySharelinkButton" time="22.067"/>
  <testcase classname="com.vans.AllWeather.EraMte.EraMteTest" name="verifyStartOver" time="22.238"/>
  <testcase classname="com.vans.AllWeather.OldSkoolMte.OldSkoolMteTest" name="addToCart" time="0.241">
    <failure type="org.openqa.selenium.ElementNotVisibleException" message="Element is not currently visible and so may not be interacted with
Command duration or timeout: 14 milliseconds
Build info: version: &amp;apos;2.53.0&amp;apos;, revision: &amp;apos;35ae25b1534ae328c771e0856c93e187490ca824&amp;apos;, time: &amp;apos;2016-03-15 10:43:46&amp;apos;
System info: host: &amp;apos;RAXXXX.local&amp;apos;, ip: &amp;apos;192.168.10.146&amp;apos;, os.name: &amp;apos;Mac OS X&amp;apos;, os.arch: &amp;apos;x86_64&amp;apos;, os.version: &amp;apos;10.11.6&amp;apos;, java.version: &amp;apos;9&amp;apos;
Driver info: org.openqa.selenium.firefox.FirefoxDriver
Capabilities [{applicationCacheEnabled=true, rotatable=false, handlesAlerts=true, databaseEnabled=true, version=45.0.1, platform=MAC, nativeEvents=false, acceptSslCerts=true, webStorageEnabled=true, locationContextEnabled=true, browserName=firefox, takesScreenshot=true, javascriptEnabled=true, cssSelectorsEnabled=true}]
Session ID: 25134cc3-84e1-a440-90be-573874fb07ea">
      <![CDATA[org.openqa.selenium.ElementNotVisibleException: Element is not currently visible and so may not be interacted with
Command duration or timeout: 14 milliseconds
Build info: version: '2.53.0', revision: '35ae25b1534ae328c771e0856c93e187490ca824', time: '2016-03-15 10:43:46'
System info: host: 'RAXXXX.local', ip: '192.168.10.146', os.name: 'Mac OS X', os.arch: 'x86_64', os.version: '10.11.6', java.version: '9'
Driver info: org.openqa.selenium.firefox.FirefoxDriver
Capabilities [{applicationCacheEnabled=true, rotatable=false, handlesAlerts=true, databaseEnabled=true, version=45.0.1, platform=MAC, nativeEvents=false, acceptSslCerts=true, webStorageEnabled=true, locationContextEnabled=true, browserName=firefox, takesScreenshot=true, javascriptEnabled=true, cssSelectorsEnabled=true}]
Session ID: 25134cc3-84e1-a440-90be-573874fb07ea
	at org.openqa.selenium.remote.ErrorHandler.createThrowable(ErrorHandler.java:206)
	at org.openqa.selenium.remote.ErrorHandler.throwIfResponseFailed(ErrorHandler.java:158)
	at org.openqa.selenium.remote.RemoteWebDriver.execute(RemoteWebDriver.java:678)
	at org.openqa.selenium.remote.RemoteWebElement.execute(RemoteWebElement.java:327)
	at org.openqa.selenium.remote.RemoteWebElement.click(RemoteWebElement.java:85)
	at org.openqa.selenium.support.pagefactory.internal.LocatingElementHandler.invoke(LocatingElementHandler.java:51)
	at com.sun.proxy.$Proxy9.click(Unknown Source)
	at com.vans.AllWeather.OldSkoolMte.Page.OldSkoolMtePage.clickOnoldskoolmte(OldSkoolMtePage.java:112)
	at com.vans.AllWeather.OldSkoolMte.OldSkoolMteTest.addToCart(OldSkoolMteTest.java:45)
Caused by: org.openqa.selenium.ElementNotVisibleException: Element is not currently visible and so may not be interacted with
Build info: version: '2.53.0', revision: '35ae25b1534ae328c771e0856c93e187490ca824', time: '2016-03-15 10:43:46'
System info: host: 'RAXXXX.local', ip: '192.168.10.146', os.name: 'Mac OS X', os.arch: 'x86_64', os.version: '10.11.6', java.version: '9'
Driver info: driver.version: unknown
	at <anonymous class>.fxdriver.preconditions.visible(file:///var/folders/j2/808yw4z113565wfnrygbz_2w0000gq/T/anonymous7244712835756905980webdriver-profile/extensions/fxdriver@googlecode.com/components/command-processor.js:10092)
	at <anonymous class>.DelayedCommand.prototype.checkPreconditions_(file:///var/folders/j2/808yw4z113565wfnrygbz_2w0000gq/T/anonymous7244712835756905980webdriver-profile/extensions/fxdriver@googlecode.com/components/command-processor.js:12644)
	at <anonymous class>.DelayedCommand.prototype.executeInternal_/h(file:///var/folders/j2/808yw4z113565wfnrygbz_2w0000gq/T/anonymous7244712835756905980webdriver-profile/extensions/fxdriver@googlecode.com/components/command-processor.js:12661)
	at <anonymous class>.DelayedCommand.prototype.executeInternal_(file:///var/folders/j2/808yw4z113565wfnrygbz_2w0000gq/T/anonymous7244712835756905980webdriver-profile/extensions/fxdriver@googlecode.com/components/command-processor.js:12666)
	at <anonymous class>.DelayedCommand.prototype.execute/<(file:///var/folders/j2/808yw4z113565wfnrygbz_2w0000gq/T/anonymous7244712835756905980webdriver-profile/extensions/fxdriver@googlecode.com/components/command-processor.js:12608)
... Removed 32 stack frames]]>
    </failure>
  </testcase> <!-- addToCart -->
  <testcase classname="com.vans.AllWeather.OldSkoolMte.OldSkoolMteTest" name="addToWishList" time="0.239">
    <failure type="org.openqa.selenium.ElementNotVisibleException" message="Element is not currently visible and so may not be interacted with
Command duration or timeout: 26 milliseconds
Build info: version: &amp;apos;2.53.0&amp;apos;, revision: &amp;apos;35ae25b1534ae328c771e0856c93e187490ca824&amp;apos;, time: &amp;apos;2016-03-15 10:43:46&amp;apos;
System info: host: &amp;apos;RAXXXX.local&amp;apos;, ip: &amp;apos;192.168.10.146&amp;apos;, os.name: &amp;apos;Mac OS X&amp;apos;, os.arch: &amp;apos;x86_64&amp;apos;, os.version: &amp;apos;10.11.6&amp;apos;, java.version: &amp;apos;9&amp;apos;
Driver info: org.openqa.selenium.firefox.FirefoxDriver
Capabilities [{applicationCacheEnabled=true, rotatable=false, handlesAlerts=true, databaseEnabled=true, version=45.0.1, platform=MAC, nativeEvents=false, acceptSslCerts=true, webStorageEnabled=true, locationContextEnabled=true, browserName=firefox, takesScreenshot=true, javascriptEnabled=true, cssSelectorsEnabled=true}]
Session ID: 74f6d522-5b51-c249-8f1f-fbf6286f3393">
      <![CDATA[org.openqa.selenium.ElementNotVisibleException: Element is not currently visible and so may not be interacted with
Command duration or timeout: 26 milliseconds
Build info: version: '2.53.0', revision: '35ae25b1534ae328c771e0856c93e187490ca824', time: '2016-03-15 10:43:46'
System info: host: 'RAXXXX.local', ip: '192.168.10.146', os.name: 'Mac OS X', os.arch: 'x86_64', os.version: '10.11.6', java.version: '9'
Driver info: org.openqa.selenium.firefox.FirefoxDriver
Capabilities [{applicationCacheEnabled=true, rotatable=false, handlesAlerts=true, databaseEnabled=true, version=45.0.1, platform=MAC, nativeEvents=false, acceptSslCerts=true, webStorageEnabled=true, locationContextEnabled=true, browserName=firefox, takesScreenshot=true, javascriptEnabled=true, cssSelectorsEnabled=true}]
Session ID: 74f6d522-5b51-c249-8f1f-fbf6286f3393
	at org.openqa.selenium.remote.ErrorHandler.createThrowable(ErrorHandler.java:206)
	at org.openqa.selenium.remote.ErrorHandler.throwIfResponseFailed(ErrorHandler.java:158)
	at org.openqa.selenium.remote.RemoteWebDriver.execute(RemoteWebDriver.java:678)
	at org.openqa.selenium.remote.RemoteWebElement.execute(RemoteWebElement.java:327)
	at org.openqa.selenium.remote.RemoteWebElement.click(RemoteWebElement.java:85)
	at org.openqa.selenium.support.pagefactory.internal.LocatingElementHandler.invoke(LocatingElementHandler.java:51)
	at com.sun.proxy.$Proxy9.click(Unknown Source)
	at com.vans.AllWeather.OldSkoolMte.Page.OldSkoolMtePage.clickOnoldskoolmte(OldSkoolMtePage.java:112)
	at com.vans.AllWeather.OldSkoolMte.OldSkoolMteTest.addToWishList(OldSkoolMteTest.java:59)
Caused by: org.openqa.selenium.ElementNotVisibleException: Element is not currently visible and so may not be interacted with
Build info: version: '2.53.0', revision: '35ae25b1534ae328c771e0856c93e187490ca824', time: '2016-03-15 10:43:46'
System info: host: 'RAXXXX.local', ip: '192.168.10.146', os.name: 'Mac OS X', os.arch: 'x86_64', os.version: '10.11.6', java.version: '9'
Driver info: driver.version: unknown
	at <anonymous class>.fxdriver.preconditions.visible(file:///var/folders/j2/808yw4z113565wfnrygbz_2w0000gq/T/anonymous3834112093351278141webdriver-profile/extensions/fxdriver@googlecode.com/components/command-processor.js:10092)
	at <anonymous class>.DelayedCommand.prototype.checkPreconditions_(file:///var/folders/j2/808yw4z113565wfnrygbz_2w0000gq/T/anonymous3834112093351278141webdriver-profile/extensions/fxdriver@googlecode.com/components/command-processor.js:12644)
	at <anonymous class>.DelayedCommand.prototype.executeInternal_/h(file:///var/folders/j2/808yw4z113565wfnrygbz_2w0000gq/T/anonymous3834112093351278141webdriver-profile/extensions/fxdriver@googlecode.com/components/command-processor.js:12661)
	at <anonymous class>.DelayedCommand.prototype.executeInternal_(file:///var/folders/j2/808yw4z113565wfnrygbz_2w0000gq/T/anonymous3834112093351278141webdriver-profile/extensions/fxdriver@googlecode.com/components/command-processor.js:12666)
	at <anonymous class>.DelayedCommand.prototype.execute/<(file:///var/folders/j2/808yw4z113565wfnrygbz_2w0000gq/T/anonymous3834112093351278141webdriver-profile/extensions/fxdriver@googlecode.com/components/command-processor.js:12608)
... Removed 32 stack frames]]>
    </failure>
  </testcase> <!-- addToWishList -->
  <testcase classname="com.vans.AllWeather.OldSkoolMte.OldSkoolMteTest" name="verifyAllQtyPresent" time="0.409">
    <failure type="org.openqa.selenium.ElementNotVisibleException" message="Element is not currently visible and so may not be interacted with
Command duration or timeout: 176 milliseconds
Build info: version: &amp;apos;2.53.0&amp;apos;, revision: &amp;apos;35ae25b1534ae328c771e0856c93e187490ca824&amp;apos;, time: &amp;apos;2016-03-15 10:43:46&amp;apos;
System info: host: &amp;apos;RAXXXX.local&amp;apos;, ip: &amp;apos;192.168.10.146&amp;apos;, os.name: &amp;apos;Mac OS X&amp;apos;, os.arch: &amp;apos;x86_64&amp;apos;, os.version: &amp;apos;10.11.6&amp;apos;, java.version: &amp;apos;9&amp;apos;
Driver info: org.openqa.selenium.firefox.FirefoxDriver
Capabilities [{applicationCacheEnabled=true, rotatable=false, handlesAlerts=true, databaseEnabled=true, version=45.0.1, platform=MAC, nativeEvents=false, acceptSslCerts=true, webStorageEnabled=true, locationContextEnabled=true, browserName=firefox, takesScreenshot=true, javascriptEnabled=true, cssSelectorsEnabled=true}]
Session ID: 6fde3061-ebd3-214f-84d2-ccb6367bdd2c">
      <![CDATA[org.openqa.selenium.ElementNotVisibleException: Element is not currently visible and so may not be interacted with
Command duration or timeout: 176 milliseconds
Build info: version: '2.53.0', revision: '35ae25b1534ae328c771e0856c93e187490ca824', time: '2016-03-15 10:43:46'
System info: host: 'RAXXXX.local', ip: '192.168.10.146', os.name: 'Mac OS X', os.arch: 'x86_64', os.version: '10.11.6', java.version: '9'
Driver info: org.openqa.selenium.firefox.FirefoxDriver
Capabilities [{applicationCacheEnabled=true, rotatable=false, handlesAlerts=true, databaseEnabled=true, version=45.0.1, platform=MAC, nativeEvents=false, acceptSslCerts=true, webStorageEnabled=true, locationContextEnabled=true, browserName=firefox, takesScreenshot=true, javascriptEnabled=true, cssSelectorsEnabled=true}]
Session ID: 6fde3061-ebd3-214f-84d2-ccb6367bdd2c
	at org.openqa.selenium.remote.ErrorHandler.createThrowable(ErrorHandler.java:206)
	at org.openqa.selenium.remote.ErrorHandler.throwIfResponseFailed(ErrorHandler.java:158)
	at org.openqa.selenium.remote.RemoteWebDriver.execute(RemoteWebDriver.java:678)
	at org.openqa.selenium.remote.RemoteWebElement.execute(RemoteWebElement.java:327)
	at org.openqa.selenium.remote.RemoteWebElement.click(RemoteWebElement.java:85)
	at org.openqa.selenium.support.pagefactory.internal.LocatingElementHandler.invoke(LocatingElementHandler.java:51)
	at com.sun.proxy.$Proxy9.click(Unknown Source)
	at com.vans.AllWeather.OldSkoolMte.Page.OldSkoolMtePage.clickOnoldskoolmte(OldSkoolMtePage.java:112)
	at com.vans.AllWeather.OldSkoolMte.OldSkoolMteTest.verifyAllQtyPresent(OldSkoolMteTest.java:80)
Caused by: org.openqa.selenium.ElementNotVisibleException: Element is not currently visible and so may not be interacted with
Build info: version: '2.53.0', revision: '35ae25b1534ae328c771e0856c93e187490ca824', time: '2016-03-15 10:43:46'
System info: host: 'RAXXXX.local', ip: '192.168.10.146', os.name: 'Mac OS X', os.arch: 'x86_64', os.version: '10.11.6', java.version: '9'
Driver info: driver.version: unknown
	at <anonymous class>.fxdriver.preconditions.visible(file:///var/folders/j2/808yw4z113565wfnrygbz_2w0000gq/T/anonymous4509064200663151926webdriver-profile/extensions/fxdriver@googlecode.com/components/command-processor.js:10092)
	at <anonymous class>.DelayedCommand.prototype.checkPreconditions_(file:///var/folders/j2/808yw4z113565wfnrygbz_2w0000gq/T/anonymous4509064200663151926webdriver-profile/extensions/fxdriver@googlecode.com/components/command-processor.js:12644)
	at <anonymous class>.DelayedCommand.prototype.executeInternal_/h(file:///var/folders/j2/808yw4z113565wfnrygbz_2w0000gq/T/anonymous4509064200663151926webdriver-profile/extensions/fxdriver@googlecode.com/components/command-processor.js:12661)
	at <anonymous class>.DelayedCommand.prototype.executeInternal_(file:///var/folders/j2/808yw4z113565wfnrygbz_2w0000gq/T/anonymous4509064200663151926webdriver-profile/extensions/fxdriver@googlecode.com/components/command-processor.js:12666)
	at <anonymous class>.DelayedCommand.prototype.execute/<(file:///var/folders/j2/808yw4z113565wfnrygbz_2w0000gq/T/anonymous4509064200663151926webdriver-profile/extensions/fxdriver@googlecode.com/components/command-processor.js:12608)
... Removed 32 stack frames]]>
    </failure>
  </testcase> <!-- verifyAllQtyPresent -->
  <testcase classname="com.vans.AllWeather.OldSkoolMte.OldSkoolMteTest" name="verifyAllSizesPresent" time="0.238">
    <failure type="org.openqa.selenium.ElementNotVisibleException" message="Element is not currently visible and so may not be interacted with
Command duration or timeout: 27 milliseconds
Build info: version: &amp;apos;2.53.0&amp;apos;, revision: &amp;apos;35ae25b1534ae328c771e0856c93e187490ca824&amp;apos;, time: &amp;apos;2016-03-15 10:43:46&amp;apos;
System info: host: &amp;apos;RAXXXX.local&amp;apos;, ip: &amp;apos;192.168.10.146&amp;apos;, os.name: &amp;apos;Mac OS X&amp;apos;, os.arch: &amp;apos;x86_64&amp;apos;, os.version: &amp;apos;10.11.6&amp;apos;, java.version: &amp;apos;9&amp;apos;
Driver info: org.openqa.selenium.firefox.FirefoxDriver
Capabilities [{applicationCacheEnabled=true, rotatable=false, handlesAlerts=true, databaseEnabled=true, version=45.0.1, platform=MAC, nativeEvents=false, acceptSslCerts=true, webStorageEnabled=true, locationContextEnabled=true, browserName=firefox, takesScreenshot=true, javascriptEnabled=true, cssSelectorsEnabled=true}]
Session ID: a61b8c76-a4a1-b34c-abe9-756a19e665e1">
      <![CDATA[org.openqa.selenium.ElementNotVisibleException: Element is not currently visible and so may not be interacted with
Command duration or timeout: 27 milliseconds
Build info: version: '2.53.0', revision: '35ae25b1534ae328c771e0856c93e187490ca824', time: '2016-03-15 10:43:46'
System info: host: 'RAXXXX.local', ip: '192.168.10.146', os.name: 'Mac OS X', os.arch: 'x86_64', os.version: '10.11.6', java.version: '9'
Driver info: org.openqa.selenium.firefox.FirefoxDriver
Capabilities [{applicationCacheEnabled=true, rotatable=false, handlesAlerts=true, databaseEnabled=true, version=45.0.1, platform=MAC, nativeEvents=false, acceptSslCerts=true, webStorageEnabled=true, locationContextEnabled=true, browserName=firefox, takesScreenshot=true, javascriptEnabled=true, cssSelectorsEnabled=true}]
Session ID: a61b8c76-a4a1-b34c-abe9-756a19e665e1
	at org.openqa.selenium.remote.ErrorHandler.createThrowable(ErrorHandler.java:206)
	at org.openqa.selenium.remote.ErrorHandler.throwIfResponseFailed(ErrorHandler.java:158)
	at org.openqa.selenium.remote.RemoteWebDriver.execute(RemoteWebDriver.java:678)
	at org.openqa.selenium.remote.RemoteWebElement.execute(RemoteWebElement.java:327)
	at org.openqa.selenium.remote.RemoteWebElement.click(RemoteWebElement.java:85)
	at org.openqa.selenium.support.pagefactory.internal.LocatingElementHandler.invoke(LocatingElementHandler.java:51)
	at com.sun.proxy.$Proxy9.click(Unknown Source)
	at com.vans.AllWeather.OldSkoolMte.Page.OldSkoolMtePage.clickOnoldskoolmte(OldSkoolMtePage.java:112)
	at com.vans.AllWeather.OldSkoolMte.OldSkoolMteTest.verifyAllSizesPresent(OldSkoolMteTest.java:68)
Caused by: org.openqa.selenium.ElementNotVisibleException: Element is not currently visible and so may not be interacted with
Build info: version: '2.53.0', revision: '35ae25b1534ae328c771e0856c93e187490ca824', time: '2016-03-15 10:43:46'
System info: host: 'RAXXXX.local', ip: '192.168.10.146', os.name: 'Mac OS X', os.arch: 'x86_64', os.version: '10.11.6', java.version: '9'
Driver info: driver.version: unknown
	at <anonymous class>.fxdriver.preconditions.visible(file:///var/folders/j2/808yw4z113565wfnrygbz_2w0000gq/T/anonymous17853456259122223415webdriver-profile/extensions/fxdriver@googlecode.com/components/command-processor.js:10092)
	at <anonymous class>.DelayedCommand.prototype.checkPreconditions_(file:///var/folders/j2/808yw4z113565wfnrygbz_2w0000gq/T/anonymous17853456259122223415webdriver-profile/extensions/fxdriver@googlecode.com/components/command-processor.js:12644)
	at <anonymous class>.DelayedCommand.prototype.executeInternal_/h(file:///var/folders/j2/808yw4z113565wfnrygbz_2w0000gq/T/anonymous17853456259122223415webdriver-profile/extensions/fxdriver@googlecode.com/components/command-processor.js:12661)
	at <anonymous class>.DelayedCommand.prototype.executeInternal_(file:///var/folders/j2/808yw4z113565wfnrygbz_2w0000gq/T/anonymous17853456259122223415webdriver-profile/extensions/fxdriver@googlecode.com/components/command-processor.js:12666)
	at <anonymous class>.DelayedCommand.prototype.execute/<(file:///var/folders/j2/808yw4z113565wfnrygbz_2w0000gq/T/anonymous17853456259122223415webdriver-profile/extensions/fxdriver@googlecode.com/components/command-processor.js:12608)
... Removed 32 stack frames]]>
    </failure>
  </testcase> <!-- verifyAllSizesPresent -->
  <testcase classname="com.vans.AllWeather.OldSkoolMte.OldSkoolMteTest" name="verifyAllflyOutMenuOptions" time="0.287">
    <failure type="org.openqa.selenium.ElementNotVisibleException" message="Element is not currently visible and so may not be interacted with
Command duration or timeout: 18 milliseconds
Build info: version: &amp;apos;2.53.0&amp;apos;, revision: &amp;apos;35ae25b1534ae328c771e0856c93e187490ca824&amp;apos;, time: &amp;apos;2016-03-15 10:43:46&amp;apos;
System info: host: &amp;apos;RAXXXX.local&amp;apos;, ip: &amp;apos;192.168.10.146&amp;apos;, os.name: &amp;apos;Mac OS X&amp;apos;, os.arch: &amp;apos;x86_64&amp;apos;, os.version: &amp;apos;10.11.6&amp;apos;, java.version: &amp;apos;9&amp;apos;
Driver info: org.openqa.selenium.firefox.FirefoxDriver
Capabilities [{applicationCacheEnabled=true, rotatable=false, handlesAlerts=true, databaseEnabled=true, version=45.0.1, platform=MAC, nativeEvents=false, acceptSslCerts=true, webStorageEnabled=true, locationContextEnabled=true, browserName=firefox, takesScreenshot=true, javascriptEnabled=true, cssSelectorsEnabled=true}]
Session ID: 96231f91-848c-2f4c-84b3-f775eb96b272">
      <![CDATA[org.openqa.selenium.ElementNotVisibleException: Element is not currently visible and so may not be interacted with
Command duration or timeout: 18 milliseconds
Build info: version: '2.53.0', revision: '35ae25b1534ae328c771e0856c93e187490ca824', time: '2016-03-15 10:43:46'
System info: host: 'RAXXXX.local', ip: '192.168.10.146', os.name: 'Mac OS X', os.arch: 'x86_64', os.version: '10.11.6', java.version: '9'
Driver info: org.openqa.selenium.firefox.FirefoxDriver
Capabilities [{applicationCacheEnabled=true, rotatable=false, handlesAlerts=true, databaseEnabled=true, version=45.0.1, platform=MAC, nativeEvents=false, acceptSslCerts=true, webStorageEnabled=true, locationContextEnabled=true, browserName=firefox, takesScreenshot=true, javascriptEnabled=true, cssSelectorsEnabled=true}]
Session ID: 96231f91-848c-2f4c-84b3-f775eb96b272
	at org.openqa.selenium.remote.ErrorHandler.createThrowable(ErrorHandler.java:206)
	at org.openqa.selenium.remote.ErrorHandler.throwIfResponseFailed(ErrorHandler.java:158)
	at org.openqa.selenium.remote.RemoteWebDriver.execute(RemoteWebDriver.java:678)
	at org.openqa.selenium.remote.RemoteWebElement.execute(RemoteWebElement.java:327)
	at org.openqa.selenium.remote.RemoteWebElement.click(RemoteWebElement.java:85)
	at org.openqa.selenium.support.pagefactory.internal.LocatingElementHandler.invoke(LocatingElementHandler.java:51)
	at com.sun.proxy.$Proxy9.click(Unknown Source)
	at com.vans.AllWeather.OldSkoolMte.Page.OldSkoolMtePage.clickOnoldskoolmte(OldSkoolMtePage.java:112)
	at com.vans.AllWeather.OldSkoolMte.OldSkoolMteTest.verifyAllflyOutMenuOptions(OldSkoolMteTest.java:92)
Caused by: org.openqa.selenium.ElementNotVisibleException: Element is not currently visible and so may not be interacted with
Build info: version: '2.53.0', revision: '35ae25b1534ae328c771e0856c93e187490ca824', time: '2016-03-15 10:43:46'
System info: host: 'RAXXXX.local', ip: '192.168.10.146', os.name: 'Mac OS X', os.arch: 'x86_64', os.version: '10.11.6', java.version: '9'
Driver info: driver.version: unknown
	at <anonymous class>.fxdriver.preconditions.visible(file:///var/folders/j2/808yw4z113565wfnrygbz_2w0000gq/T/anonymous2220472069036751170webdriver-profile/extensions/fxdriver@googlecode.com/components/command-processor.js:10092)
	at <anonymous class>.DelayedCommand.prototype.checkPreconditions_(file:///var/folders/j2/808yw4z113565wfnrygbz_2w0000gq/T/anonymous2220472069036751170webdriver-profile/extensions/fxdriver@googlecode.com/components/command-processor.js:12644)
	at <anonymous class>.DelayedCommand.prototype.executeInternal_/h(file:///var/folders/j2/808yw4z113565wfnrygbz_2w0000gq/T/anonymous2220472069036751170webdriver-profile/extensions/fxdriver@googlecode.com/components/command-processor.js:12661)
	at <anonymous class>.DelayedCommand.prototype.executeInternal_(file:///var/folders/j2/808yw4z113565wfnrygbz_2w0000gq/T/anonymous2220472069036751170webdriver-profile/extensions/fxdriver@googlecode.com/components/command-processor.js:12666)
	at <anonymous class>.DelayedCommand.prototype.execute/<(file:///var/folders/j2/808yw4z113565wfnrygbz_2w0000gq/T/anonymous2220472069036751170webdriver-profile/extensions/fxdriver@googlecode.com/components/command-processor.js:12608)
... Removed 32 stack frames]]>
    </failure>
  </testcase> <!-- verifyAllflyOutMenuOptions -->
  <testcase classname="com.vans.AllWeather.OldSkoolMte.OldSkoolMteTest" name="verifyBaseurlForSk8HiMte" time="0.272">
    <failure type="org.openqa.selenium.ElementNotVisibleException" message="Element is not currently visible and so may not be interacted with
Command duration or timeout: 45 milliseconds
Build info: version: &amp;apos;2.53.0&amp;apos;, revision: &amp;apos;35ae25b1534ae328c771e0856c93e187490ca824&amp;apos;, time: &amp;apos;2016-03-15 10:43:46&amp;apos;
System info: host: &amp;apos;RAXXXX.local&amp;apos;, ip: &amp;apos;192.168.10.146&amp;apos;, os.name: &amp;apos;Mac OS X&amp;apos;, os.arch: &amp;apos;x86_64&amp;apos;, os.version: &amp;apos;10.11.6&amp;apos;, java.version: &amp;apos;9&amp;apos;
Driver info: org.openqa.selenium.firefox.FirefoxDriver
Capabilities [{applicationCacheEnabled=true, rotatable=false, handlesAlerts=true, databaseEnabled=true, version=45.0.1, platform=MAC, nativeEvents=false, acceptSslCerts=true, webStorageEnabled=true, locationContextEnabled=true, browserName=firefox, takesScreenshot=true, javascriptEnabled=true, cssSelectorsEnabled=true}]
Session ID: 966fe754-4743-bc48-9cff-e2e40a8aaa43">
      <![CDATA[org.openqa.selenium.ElementNotVisibleException: Element is not currently visible and so may not be interacted with
Command duration or timeout: 45 milliseconds
Build info: version: '2.53.0', revision: '35ae25b1534ae328c771e0856c93e187490ca824', time: '2016-03-15 10:43:46'
System info: host: 'RAXXXX.local', ip: '192.168.10.146', os.name: 'Mac OS X', os.arch: 'x86_64', os.version: '10.11.6', java.version: '9'
Driver info: org.openqa.selenium.firefox.FirefoxDriver
Capabilities [{applicationCacheEnabled=true, rotatable=false, handlesAlerts=true, databaseEnabled=true, version=45.0.1, platform=MAC, nativeEvents=false, acceptSslCerts=true, webStorageEnabled=true, locationContextEnabled=true, browserName=firefox, takesScreenshot=true, javascriptEnabled=true, cssSelectorsEnabled=true}]
Session ID: 966fe754-4743-bc48-9cff-e2e40a8aaa43
	at org.openqa.selenium.remote.ErrorHandler.createThrowable(ErrorHandler.java:206)
	at org.openqa.selenium.remote.ErrorHandler.throwIfResponseFailed(ErrorHandler.java:158)
	at org.openqa.selenium.remote.RemoteWebDriver.execute(RemoteWebDriver.java:678)
	at org.openqa.selenium.remote.RemoteWebElement.execute(RemoteWebElement.java:327)
	at org.openqa.selenium.remote.RemoteWebElement.click(RemoteWebElement.java:85)
	at org.openqa.selenium.support.pagefactory.internal.LocatingElementHandler.invoke(LocatingElementHandler.java:51)
	at com.sun.proxy.$Proxy9.click(Unknown Source)
	at com.vans.AllWeather.OldSkoolMte.Page.OldSkoolMtePage.clickOnoldskoolmte(OldSkoolMtePage.java:112)
	at com.vans.AllWeather.OldSkoolMte.OldSkoolMteTest.verifyBaseurlForSk8HiMte(OldSkoolMteTest.java:15)
Caused by: org.openqa.selenium.ElementNotVisibleException: Element is not currently visible and so may not be interacted with
Build info: version: '2.53.0', revision: '35ae25b1534ae328c771e0856c93e187490ca824', time: '2016-03-15 10:43:46'
System info: host: 'RAXXXX.local', ip: '192.168.10.146', os.name: 'Mac OS X', os.arch: 'x86_64', os.version: '10.11.6', java.version: '9'
Driver info: driver.version: unknown
	at <anonymous class>.fxdriver.preconditions.visible(file:///var/folders/j2/808yw4z113565wfnrygbz_2w0000gq/T/anonymous16825201891857602839webdriver-profile/extensions/fxdriver@googlecode.com/components/command-processor.js:10092)
	at <anonymous class>.DelayedCommand.prototype.checkPreconditions_(file:///var/folders/j2/808yw4z113565wfnrygbz_2w0000gq/T/anonymous16825201891857602839webdriver-profile/extensions/fxdriver@googlecode.com/components/command-processor.js:12644)
	at <anonymous class>.DelayedCommand.prototype.executeInternal_/h(file:///var/folders/j2/808yw4z113565wfnrygbz_2w0000gq/T/anonymous16825201891857602839webdriver-profile/extensions/fxdriver@googlecode.com/components/command-processor.js:12661)
	at <anonymous class>.DelayedCommand.prototype.executeInternal_(file:///var/folders/j2/808yw4z113565wfnrygbz_2w0000gq/T/anonymous16825201891857602839webdriver-profile/extensions/fxdriver@googlecode.com/components/command-processor.js:12666)
	at <anonymous class>.DelayedCommand.prototype.execute/<(file:///var/folders/j2/808yw4z113565wfnrygbz_2w0000gq/T/anonymous16825201891857602839webdriver-profile/extensions/fxdriver@googlecode.com/components/command-processor.js:12608)
... Removed 32 stack frames]]>
    </failure>
  </testcase> <!-- verifyBaseurlForSk8HiMte -->
  <testcase classname="com.vans.AllWeather.OldSkoolMte.OldSkoolMteTest" name="verifyClickOnBuyButton" time="0.243">
    <failure type="org.openqa.selenium.ElementNotVisibleException" message="Element is not currently visible and so may not be interacted with
Command duration or timeout: 28 milliseconds
Build info: version: &amp;apos;2.53.0&amp;apos;, revision: &amp;apos;35ae25b1534ae328c771e0856c93e187490ca824&amp;apos;, time: &amp;apos;2016-03-15 10:43:46&amp;apos;
System info: host: &amp;apos;RAXXXX.local&amp;apos;, ip: &amp;apos;192.168.10.146&amp;apos;, os.name: &amp;apos;Mac OS X&amp;apos;, os.arch: &amp;apos;x86_64&amp;apos;, os.version: &amp;apos;10.11.6&amp;apos;, java.version: &amp;apos;9&amp;apos;
Driver info: org.openqa.selenium.firefox.FirefoxDriver
Capabilities [{applicationCacheEnabled=true, rotatable=false, handlesAlerts=true, databaseEnabled=true, version=45.0.1, platform=MAC, nativeEvents=false, acceptSslCerts=true, webStorageEnabled=true, locationContextEnabled=true, browserName=firefox, takesScreenshot=true, javascriptEnabled=true, cssSelectorsEnabled=true}]
Session ID: cca63b88-534c-0b41-a245-ebfde41be9f2">
      <![CDATA[org.openqa.selenium.ElementNotVisibleException: Element is not currently visible and so may not be interacted with
Command duration or timeout: 28 milliseconds
Build info: version: '2.53.0', revision: '35ae25b1534ae328c771e0856c93e187490ca824', time: '2016-03-15 10:43:46'
System info: host: 'RAXXXX.local', ip: '192.168.10.146', os.name: 'Mac OS X', os.arch: 'x86_64', os.version: '10.11.6', java.version: '9'
Driver info: org.openqa.selenium.firefox.FirefoxDriver
Capabilities [{applicationCacheEnabled=true, rotatable=false, handlesAlerts=true, databaseEnabled=true, version=45.0.1, platform=MAC, nativeEvents=false, acceptSslCerts=true, webStorageEnabled=true, locationContextEnabled=true, browserName=firefox, takesScreenshot=true, javascriptEnabled=true, cssSelectorsEnabled=true}]
Session ID: cca63b88-534c-0b41-a245-ebfde41be9f2
	at org.openqa.selenium.remote.ErrorHandler.createThrowable(ErrorHandler.java:206)
	at org.openqa.selenium.remote.ErrorHandler.throwIfResponseFailed(ErrorHandler.java:158)
	at org.openqa.selenium.remote.RemoteWebDriver.execute(RemoteWebDriver.java:678)
	at org.openqa.selenium.remote.RemoteWebElement.execute(RemoteWebElement.java:327)
	at org.openqa.selenium.remote.RemoteWebElement.click(RemoteWebElement.java:85)
	at org.openqa.selenium.support.pagefactory.internal.LocatingElementHandler.invoke(LocatingElementHandler.java:51)
	at com.sun.proxy.$Proxy9.click(Unknown Source)
	at com.vans.AllWeather.OldSkoolMte.Page.OldSkoolMtePage.clickOnoldskoolmte(OldSkoolMtePage.java:112)
	at com.vans.AllWeather.OldSkoolMte.OldSkoolMteTest.verifyClickOnBuyButton(OldSkoolMteTest.java:34)
Caused by: org.openqa.selenium.ElementNotVisibleException: Element is not currently visible and so may not be interacted with
Build info: version: '2.53.0', revision: '35ae25b1534ae328c771e0856c93e187490ca824', time: '2016-03-15 10:43:46'
System info: host: 'RAXXXX.local', ip: '192.168.10.146', os.name: 'Mac OS X', os.arch: 'x86_64', os.version: '10.11.6', java.version: '9'
Driver info: driver.version: unknown
	at <anonymous class>.fxdriver.preconditions.visible(file:///var/folders/j2/808yw4z113565wfnrygbz_2w0000gq/T/anonymous17444854621406893227webdriver-profile/extensions/fxdriver@googlecode.com/components/command-processor.js:10092)
	at <anonymous class>.DelayedCommand.prototype.checkPreconditions_(file:///var/folders/j2/808yw4z113565wfnrygbz_2w0000gq/T/anonymous17444854621406893227webdriver-profile/extensions/fxdriver@googlecode.com/components/command-processor.js:12644)
	at <anonymous class>.DelayedCommand.prototype.executeInternal_/h(file:///var/folders/j2/808yw4z113565wfnrygbz_2w0000gq/T/anonymous17444854621406893227webdriver-profile/extensions/fxdriver@googlecode.com/components/command-processor.js:12661)
	at <anonymous class>.DelayedCommand.prototype.executeInternal_(file:///var/folders/j2/808yw4z113565wfnrygbz_2w0000gq/T/anonymous17444854621406893227webdriver-profile/extensions/fxdriver@googlecode.com/components/command-processor.js:12666)
	at <anonymous class>.DelayedCommand.prototype.execute/<(file:///var/folders/j2/808yw4z113565wfnrygbz_2w0000gq/T/anonymous17444854621406893227webdriver-profile/extensions/fxdriver@googlecode.com/components/command-processor.js:12608)
... Removed 32 stack frames]]>
    </failure>
  </testcase> <!-- verifyClickOnBuyButton -->
  <testcase classname="com.vans.AllWeather.OldSkoolMte.OldSkoolMteTest" name="verifyEmailShareButton" time="0.256">
    <failure type="org.openqa.selenium.ElementNotVisibleException" message="Element is not currently visible and so may not be interacted with
Command duration or timeout: 20 milliseconds
Build info: version: &amp;apos;2.53.0&amp;apos;, revision: &amp;apos;35ae25b1534ae328c771e0856c93e187490ca824&amp;apos;, time: &amp;apos;2016-03-15 10:43:46&amp;apos;
System info: host: &amp;apos;RAXXXX.local&amp;apos;, ip: &amp;apos;192.168.10.146&amp;apos;, os.name: &amp;apos;Mac OS X&amp;apos;, os.arch: &amp;apos;x86_64&amp;apos;, os.version: &amp;apos;10.11.6&amp;apos;, java.version: &amp;apos;9&amp;apos;
Driver info: org.openqa.selenium.firefox.FirefoxDriver
Capabilities [{applicationCacheEnabled=true, rotatable=false, handlesAlerts=true, databaseEnabled=true, version=45.0.1, platform=MAC, nativeEvents=false, acceptSslCerts=true, webStorageEnabled=true, locationContextEnabled=true, browserName=firefox, takesScreenshot=true, javascriptEnabled=true, cssSelectorsEnabled=true}]
Session ID: e3fd07dd-d18b-a34f-b953-902353a4aeb9">
      <![CDATA[org.openqa.selenium.ElementNotVisibleException: Element is not currently visible and so may not be interacted with
Command duration or timeout: 20 milliseconds
Build info: version: '2.53.0', revision: '35ae25b1534ae328c771e0856c93e187490ca824', time: '2016-03-15 10:43:46'
System info: host: 'RAXXXX.local', ip: '192.168.10.146', os.name: 'Mac OS X', os.arch: 'x86_64', os.version: '10.11.6', java.version: '9'
Driver info: org.openqa.selenium.firefox.FirefoxDriver
Capabilities [{applicationCacheEnabled=true, rotatable=false, handlesAlerts=true, databaseEnabled=true, version=45.0.1, platform=MAC, nativeEvents=false, acceptSslCerts=true, webStorageEnabled=true, locationContextEnabled=true, browserName=firefox, takesScreenshot=true, javascriptEnabled=true, cssSelectorsEnabled=true}]
Session ID: e3fd07dd-d18b-a34f-b953-902353a4aeb9
	at org.openqa.selenium.remote.ErrorHandler.createThrowable(ErrorHandler.java:206)
	at org.openqa.selenium.remote.ErrorHandler.throwIfResponseFailed(ErrorHandler.java:158)
	at org.openqa.selenium.remote.RemoteWebDriver.execute(RemoteWebDriver.java:678)
	at org.openqa.selenium.remote.RemoteWebElement.execute(RemoteWebElement.java:327)
	at org.openqa.selenium.remote.RemoteWebElement.click(RemoteWebElement.java:85)
	at org.openqa.selenium.support.pagefactory.internal.LocatingElementHandler.invoke(LocatingElementHandler.java:51)
	at com.sun.proxy.$Proxy9.click(Unknown Source)
	at com.vans.AllWeather.OldSkoolMte.Page.OldSkoolMtePage.clickOnoldskoolmte(OldSkoolMtePage.java:112)
	at com.vans.AllWeather.OldSkoolMte.OldSkoolMteTest.verifyEmailShareButton(OldSkoolMteTest.java:101)
Caused by: org.openqa.selenium.ElementNotVisibleException: Element is not currently visible and so may not be interacted with
Build info: version: '2.53.0', revision: '35ae25b1534ae328c771e0856c93e187490ca824', time: '2016-03-15 10:43:46'
System info: host: 'RAXXXX.local', ip: '192.168.10.146', os.name: 'Mac OS X', os.arch: 'x86_64', os.version: '10.11.6', java.version: '9'
Driver info: driver.version: unknown
	at <anonymous class>.fxdriver.preconditions.visible(file:///var/folders/j2/808yw4z113565wfnrygbz_2w0000gq/T/anonymous16963804403886989105webdriver-profile/extensions/fxdriver@googlecode.com/components/command-processor.js:10092)
	at <anonymous class>.DelayedCommand.prototype.checkPreconditions_(file:///var/folders/j2/808yw4z113565wfnrygbz_2w0000gq/T/anonymous16963804403886989105webdriver-profile/extensions/fxdriver@googlecode.com/components/command-processor.js:12644)
	at <anonymous class>.DelayedCommand.prototype.executeInternal_/h(file:///var/folders/j2/808yw4z113565wfnrygbz_2w0000gq/T/anonymous16963804403886989105webdriver-profile/extensions/fxdriver@googlecode.com/components/command-processor.js:12661)
	at <anonymous class>.DelayedCommand.prototype.executeInternal_(file:///var/folders/j2/808yw4z113565wfnrygbz_2w0000gq/T/anonymous16963804403886989105webdriver-profile/extensions/fxdriver@googlecode.com/components/command-processor.js:12666)
	at <anonymous class>.DelayedCommand.prototype.execute/<(file:///var/folders/j2/808yw4z113565wfnrygbz_2w0000gq/T/anonymous16963804403886989105webdriver-profile/extensions/fxdriver@googlecode.com/components/command-processor.js:12608)
... Removed 32 stack frames]]>
    </failure>
  </testcase> <!-- verifyEmailShareButton -->
  <testcase classname="com.vans.AllWeather.OldSkoolMte.OldSkoolMteTest" name="verifyMaterialsUpcharge" time="0.27">
    <failure type="org.openqa.selenium.ElementNotVisibleException" message="Element is not currently visible and so may not be interacted with
Command duration or timeout: 38 milliseconds
Build info: version: &amp;apos;2.53.0&amp;apos;, revision: &amp;apos;35ae25b1534ae328c771e0856c93e187490ca824&amp;apos;, time: &amp;apos;2016-03-15 10:43:46&amp;apos;
System info: host: &amp;apos;RAXXXX.local&amp;apos;, ip: &amp;apos;192.168.10.146&amp;apos;, os.name: &amp;apos;Mac OS X&amp;apos;, os.arch: &amp;apos;x86_64&amp;apos;, os.version: &amp;apos;10.11.6&amp;apos;, java.version: &amp;apos;9&amp;apos;
Driver info: org.openqa.selenium.firefox.FirefoxDriver
Capabilities [{applicationCacheEnabled=true, rotatable=false, handlesAlerts=true, databaseEnabled=true, version=45.0.1, platform=MAC, nativeEvents=false, acceptSslCerts=true, webStorageEnabled=true, locationContextEnabled=true, browserName=firefox, takesScreenshot=true, javascriptEnabled=true, cssSelectorsEnabled=true}]
Session ID: 8d33cb4d-0eb3-5f43-80f4-6685fb29739e">
      <![CDATA[org.openqa.selenium.ElementNotVisibleException: Element is not currently visible and so may not be interacted with
Command duration or timeout: 38 milliseconds
Build info: version: '2.53.0', revision: '35ae25b1534ae328c771e0856c93e187490ca824', time: '2016-03-15 10:43:46'
System info: host: 'RAXXXX.local', ip: '192.168.10.146', os.name: 'Mac OS X', os.arch: 'x86_64', os.version: '10.11.6', java.version: '9'
Driver info: org.openqa.selenium.firefox.FirefoxDriver
Capabilities [{applicationCacheEnabled=true, rotatable=false, handlesAlerts=true, databaseEnabled=true, version=45.0.1, platform=MAC, nativeEvents=false, acceptSslCerts=true, webStorageEnabled=true, locationContextEnabled=true, browserName=firefox, takesScreenshot=true, javascriptEnabled=true, cssSelectorsEnabled=true}]
Session ID: 8d33cb4d-0eb3-5f43-80f4-6685fb29739e
	at org.openqa.selenium.remote.ErrorHandler.createThrowable(ErrorHandler.java:206)
	at org.openqa.selenium.remote.ErrorHandler.throwIfResponseFailed(ErrorHandler.java:158)
	at org.openqa.selenium.remote.RemoteWebDriver.execute(RemoteWebDriver.java:678)
	at org.openqa.selenium.remote.RemoteWebElement.execute(RemoteWebElement.java:327)
	at org.openqa.selenium.remote.RemoteWebElement.click(RemoteWebElement.java:85)
	at org.openqa.selenium.support.pagefactory.internal.LocatingElementHandler.invoke(LocatingElementHandler.java:51)
	at com.sun.proxy.$Proxy9.click(Unknown Source)
	at com.vans.AllWeather.OldSkoolMte.Page.OldSkoolMtePage.clickOnoldskoolmte(OldSkoolMtePage.java:112)
	at com.vans.AllWeather.OldSkoolMte.OldSkoolMteTest.verifyMaterialsUpcharge(OldSkoolMteTest.java:22)
Caused by: org.openqa.selenium.ElementNotVisibleException: Element is not currently visible and so may not be interacted with
Build info: version: '2.53.0', revision: '35ae25b1534ae328c771e0856c93e187490ca824', time: '2016-03-15 10:43:46'
System info: host: 'RAXXXX.local', ip: '192.168.10.146', os.name: 'Mac OS X', os.arch: 'x86_64', os.version: '10.11.6', java.version: '9'
Driver info: driver.version: unknown
	at <anonymous class>.fxdriver.preconditions.visible(file:///var/folders/j2/808yw4z113565wfnrygbz_2w0000gq/T/anonymous8524491994724762838webdriver-profile/extensions/fxdriver@googlecode.com/components/command-processor.js:10092)
	at <anonymous class>.DelayedCommand.prototype.checkPreconditions_(file:///var/folders/j2/808yw4z113565wfnrygbz_2w0000gq/T/anonymous8524491994724762838webdriver-profile/extensions/fxdriver@googlecode.com/components/command-processor.js:12644)
	at <anonymous class>.DelayedCommand.prototype.executeInternal_/h(file:///var/folders/j2/808yw4z113565wfnrygbz_2w0000gq/T/anonymous8524491994724762838webdriver-profile/extensions/fxdriver@googlecode.com/components/command-processor.js:12661)
	at <anonymous class>.DelayedCommand.prototype.executeInternal_(file:///var/folders/j2/808yw4z113565wfnrygbz_2w0000gq/T/anonymous8524491994724762838webdriver-profile/extensions/fxdriver@googlecode.com/components/command-processor.js:12666)
	at <anonymous class>.DelayedCommand.prototype.execute/<(file:///var/folders/j2/808yw4z113565wfnrygbz_2w0000gq/T/anonymous8524491994724762838webdriver-profile/extensions/fxdriver@googlecode.com/components/command-processor.js:12608)
... Removed 32 stack frames]]>
    </failure>
  </testcase> <!-- verifyMaterialsUpcharge -->
  <testcase classname="com.vans.AllWeather.OldSkoolMte.OldSkoolMteTest" name="verifySharelinkButton" time="0.203">
    <failure type="org.openqa.selenium.ElementNotVisibleException" message="Element is not currently visible and so may not be interacted with
Command duration or timeout: 13 milliseconds
Build info: version: &amp;apos;2.53.0&amp;apos;, revision: &amp;apos;35ae25b1534ae328c771e0856c93e187490ca824&amp;apos;, time: &amp;apos;2016-03-15 10:43:46&amp;apos;
System info: host: &amp;apos;RAXXXX.local&amp;apos;, ip: &amp;apos;192.168.10.146&amp;apos;, os.name: &amp;apos;Mac OS X&amp;apos;, os.arch: &amp;apos;x86_64&amp;apos;, os.version: &amp;apos;10.11.6&amp;apos;, java.version: &amp;apos;9&amp;apos;
Driver info: org.openqa.selenium.firefox.FirefoxDriver
Capabilities [{applicationCacheEnabled=true, rotatable=false, handlesAlerts=true, databaseEnabled=true, version=45.0.1, platform=MAC, nativeEvents=false, acceptSslCerts=true, webStorageEnabled=true, locationContextEnabled=true, browserName=firefox, takesScreenshot=true, javascriptEnabled=true, cssSelectorsEnabled=true}]
Session ID: b7ca1d48-80a3-8544-8c6b-5b930be0283f">
      <![CDATA[org.openqa.selenium.ElementNotVisibleException: Element is not currently visible and so may not be interacted with
Command duration or timeout: 13 milliseconds
Build info: version: '2.53.0', revision: '35ae25b1534ae328c771e0856c93e187490ca824', time: '2016-03-15 10:43:46'
System info: host: 'RAXXXX.local', ip: '192.168.10.146', os.name: 'Mac OS X', os.arch: 'x86_64', os.version: '10.11.6', java.version: '9'
Driver info: org.openqa.selenium.firefox.FirefoxDriver
Capabilities [{applicationCacheEnabled=true, rotatable=false, handlesAlerts=true, databaseEnabled=true, version=45.0.1, platform=MAC, nativeEvents=false, acceptSslCerts=true, webStorageEnabled=true, locationContextEnabled=true, browserName=firefox, takesScreenshot=true, javascriptEnabled=true, cssSelectorsEnabled=true}]
Session ID: b7ca1d48-80a3-8544-8c6b-5b930be0283f
	at org.openqa.selenium.remote.ErrorHandler.createThrowable(ErrorHandler.java:206)
	at org.openqa.selenium.remote.ErrorHandler.throwIfResponseFailed(ErrorHandler.java:158)
	at org.openqa.selenium.remote.RemoteWebDriver.execute(RemoteWebDriver.java:678)
	at org.openqa.selenium.remote.RemoteWebElement.execute(RemoteWebElement.java:327)
	at org.openqa.selenium.remote.RemoteWebElement.click(RemoteWebElement.java:85)
	at org.openqa.selenium.support.pagefactory.internal.LocatingElementHandler.invoke(LocatingElementHandler.java:51)
	at com.sun.proxy.$Proxy9.click(Unknown Source)
	at com.vans.AllWeather.OldSkoolMte.Page.OldSkoolMtePage.clickOnoldskoolmte(OldSkoolMtePage.java:112)
	at com.vans.AllWeather.OldSkoolMte.OldSkoolMteTest.verifySharelinkButton(OldSkoolMteTest.java:112)
Caused by: org.openqa.selenium.ElementNotVisibleException: Element is not currently visible and so may not be interacted with
Build info: version: '2.53.0', revision: '35ae25b1534ae328c771e0856c93e187490ca824', time: '2016-03-15 10:43:46'
System info: host: 'RAXXXX.local', ip: '192.168.10.146', os.name: 'Mac OS X', os.arch: 'x86_64', os.version: '10.11.6', java.version: '9'
Driver info: driver.version: unknown
	at <anonymous class>.fxdriver.preconditions.visible(file:///var/folders/j2/808yw4z113565wfnrygbz_2w0000gq/T/anonymous5865792161455745628webdriver-profile/extensions/fxdriver@googlecode.com/components/command-processor.js:10092)
	at <anonymous class>.DelayedCommand.prototype.checkPreconditions_(file:///var/folders/j2/808yw4z113565wfnrygbz_2w0000gq/T/anonymous5865792161455745628webdriver-profile/extensions/fxdriver@googlecode.com/components/command-processor.js:12644)
	at <anonymous class>.DelayedCommand.prototype.executeInternal_/h(file:///var/folders/j2/808yw4z113565wfnrygbz_2w0000gq/T/anonymous5865792161455745628webdriver-profile/extensions/fxdriver@googlecode.com/components/command-processor.js:12661)
	at <anonymous class>.DelayedCommand.prototype.executeInternal_(file:///var/folders/j2/808yw4z113565wfnrygbz_2w0000gq/T/anonymous5865792161455745628webdriver-profile/extensions/fxdriver@googlecode.com/components/command-processor.js:12666)
	at <anonymous class>.DelayedCommand.prototype.execute/<(file:///var/folders/j2/808yw4z113565wfnrygbz_2w0000gq/T/anonymous5865792161455745628webdriver-profile/extensions/fxdriver@googlecode.com/components/command-processor.js:12608)
... Removed 32 stack frames]]>
    </failure>
  </testcase> <!-- verifySharelinkButton -->
  <testcase classname="com.vans.AllWeather.OldSkoolMte.OldSkoolMteTest" name="verifyStartOver" time="24.763"/>
  <testcase classname="com.vans.AllWeather.Sk8HiMte.Sk8HiMteTest" name="addToCart" time="0.214">
    <failure type="org.openqa.selenium.ElementNotVisibleException" message="Element is not currently visible and so may not be interacted with
Command duration or timeout: 20 milliseconds
Build info: version: &amp;apos;2.53.0&amp;apos;, revision: &amp;apos;35ae25b1534ae328c771e0856c93e187490ca824&amp;apos;, time: &amp;apos;2016-03-15 10:43:46&amp;apos;
System info: host: &amp;apos;RAXXXX.local&amp;apos;, ip: &amp;apos;192.168.10.146&amp;apos;, os.name: &amp;apos;Mac OS X&amp;apos;, os.arch: &amp;apos;x86_64&amp;apos;, os.version: &amp;apos;10.11.6&amp;apos;, java.version: &amp;apos;9&amp;apos;
Driver info: org.openqa.selenium.firefox.FirefoxDriver
Capabilities [{applicationCacheEnabled=true, rotatable=false, handlesAlerts=true, databaseEnabled=true, version=45.0.1, platform=MAC, nativeEvents=false, acceptSslCerts=true, webStorageEnabled=true, locationContextEnabled=true, browserName=firefox, takesScreenshot=true, javascriptEnabled=true, cssSelectorsEnabled=true}]
Session ID: 57fc46bc-fb3a-1e44-8375-ede0d548656b">
      <![CDATA[org.openqa.selenium.ElementNotVisibleException: Element is not currently visible and so may not be interacted with
Command duration or timeout: 20 milliseconds
Build info: version: '2.53.0', revision: '35ae25b1534ae328c771e0856c93e187490ca824', time: '2016-03-15 10:43:46'
System info: host: 'RAXXXX.local', ip: '192.168.10.146', os.name: 'Mac OS X', os.arch: 'x86_64', os.version: '10.11.6', java.version: '9'
Driver info: org.openqa.selenium.firefox.FirefoxDriver
Capabilities [{applicationCacheEnabled=true, rotatable=false, handlesAlerts=true, databaseEnabled=true, version=45.0.1, platform=MAC, nativeEvents=false, acceptSslCerts=true, webStorageEnabled=true, locationContextEnabled=true, browserName=firefox, takesScreenshot=true, javascriptEnabled=true, cssSelectorsEnabled=true}]
Session ID: 57fc46bc-fb3a-1e44-8375-ede0d548656b
	at org.openqa.selenium.remote.ErrorHandler.createThrowable(ErrorHandler.java:206)
	at org.openqa.selenium.remote.ErrorHandler.throwIfResponseFailed(ErrorHandler.java:158)
	at org.openqa.selenium.remote.RemoteWebDriver.execute(RemoteWebDriver.java:678)
	at org.openqa.selenium.remote.RemoteWebElement.execute(RemoteWebElement.java:327)
	at org.openqa.selenium.remote.RemoteWebElement.click(RemoteWebElement.java:85)
	at org.openqa.selenium.support.pagefactory.internal.LocatingElementHandler.invoke(LocatingElementHandler.java:51)
	at com.sun.proxy.$Proxy9.click(Unknown Source)
	at com.vans.AllWeather.Sk8HiMte.Page.Sk8HiMtePage.clickOnAuthenticPro(Sk8HiMtePage.java:96)
	at com.vans.AllWeather.Sk8HiMte.Sk8HiMteTest.addToCart(Sk8HiMteTest.java:44)
Caused by: org.openqa.selenium.ElementNotVisibleException: Element is not currently visible and so may not be interacted with
Build info: version: '2.53.0', revision: '35ae25b1534ae328c771e0856c93e187490ca824', time: '2016-03-15 10:43:46'
System info: host: 'RAXXXX.local', ip: '192.168.10.146', os.name: 'Mac OS X', os.arch: 'x86_64', os.version: '10.11.6', java.version: '9'
Driver info: driver.version: unknown
	at <anonymous class>.fxdriver.preconditions.visible(file:///var/folders/j2/808yw4z113565wfnrygbz_2w0000gq/T/anonymous8028518618532939168webdriver-profile/extensions/fxdriver@googlecode.com/components/command-processor.js:10092)
	at <anonymous class>.DelayedCommand.prototype.checkPreconditions_(file:///var/folders/j2/808yw4z113565wfnrygbz_2w0000gq/T/anonymous8028518618532939168webdriver-profile/extensions/fxdriver@googlecode.com/components/command-processor.js:12644)
	at <anonymous class>.DelayedCommand.prototype.executeInternal_/h(file:///var/folders/j2/808yw4z113565wfnrygbz_2w0000gq/T/anonymous8028518618532939168webdriver-profile/extensions/fxdriver@googlecode.com/components/command-processor.js:12661)
	at <anonymous class>.DelayedCommand.prototype.executeInternal_(file:///var/folders/j2/808yw4z113565wfnrygbz_2w0000gq/T/anonymous8028518618532939168webdriver-profile/extensions/fxdriver@googlecode.com/components/command-processor.js:12666)
	at <anonymous class>.DelayedCommand.prototype.execute/<(file:///var/folders/j2/808yw4z113565wfnrygbz_2w0000gq/T/anonymous8028518618532939168webdriver-profile/extensions/fxdriver@googlecode.com/components/command-processor.js:12608)
... Removed 32 stack frames]]>
    </failure>
  </testcase> <!-- addToCart -->
  <testcase classname="com.vans.AllWeather.Sk8HiMte.Sk8HiMteTest" name="addToWishList" time="10.655"/>
  <testcase classname="com.vans.AllWeather.Sk8HiMte.Sk8HiMteTest" name="verifyAllQtyPresent" time="0.245">
    <failure type="org.openqa.selenium.ElementNotVisibleException" message="Element is not currently visible and so may not be interacted with
Command duration or timeout: 31 milliseconds
Build info: version: &amp;apos;2.53.0&amp;apos;, revision: &amp;apos;35ae25b1534ae328c771e0856c93e187490ca824&amp;apos;, time: &amp;apos;2016-03-15 10:43:46&amp;apos;
System info: host: &amp;apos;RAXXXX.local&amp;apos;, ip: &amp;apos;192.168.10.146&amp;apos;, os.name: &amp;apos;Mac OS X&amp;apos;, os.arch: &amp;apos;x86_64&amp;apos;, os.version: &amp;apos;10.11.6&amp;apos;, java.version: &amp;apos;9&amp;apos;
Driver info: org.openqa.selenium.firefox.FirefoxDriver
Capabilities [{applicationCacheEnabled=true, rotatable=false, handlesAlerts=true, databaseEnabled=true, version=45.0.1, platform=MAC, nativeEvents=false, acceptSslCerts=true, webStorageEnabled=true, locationContextEnabled=true, browserName=firefox, takesScreenshot=true, javascriptEnabled=true, cssSelectorsEnabled=true}]
Session ID: 9b261857-2809-434c-af26-fd8e4bb3f87c">
      <![CDATA[org.openqa.selenium.ElementNotVisibleException: Element is not currently visible and so may not be interacted with
Command duration or timeout: 31 milliseconds
Build info: version: '2.53.0', revision: '35ae25b1534ae328c771e0856c93e187490ca824', time: '2016-03-15 10:43:46'
System info: host: 'RAXXXX.local', ip: '192.168.10.146', os.name: 'Mac OS X', os.arch: 'x86_64', os.version: '10.11.6', java.version: '9'
Driver info: org.openqa.selenium.firefox.FirefoxDriver
Capabilities [{applicationCacheEnabled=true, rotatable=false, handlesAlerts=true, databaseEnabled=true, version=45.0.1, platform=MAC, nativeEvents=false, acceptSslCerts=true, webStorageEnabled=true, locationContextEnabled=true, browserName=firefox, takesScreenshot=true, javascriptEnabled=true, cssSelectorsEnabled=true}]
Session ID: 9b261857-2809-434c-af26-fd8e4bb3f87c
	at org.openqa.selenium.remote.ErrorHandler.createThrowable(ErrorHandler.java:206)
	at org.openqa.selenium.remote.ErrorHandler.throwIfResponseFailed(ErrorHandler.java:158)
	at org.openqa.selenium.remote.RemoteWebDriver.execute(RemoteWebDriver.java:678)
	at org.openqa.selenium.remote.RemoteWebElement.execute(RemoteWebElement.java:327)
	at org.openqa.selenium.remote.RemoteWebElement.click(RemoteWebElement.java:85)
	at org.openqa.selenium.support.pagefactory.internal.LocatingElementHandler.invoke(LocatingElementHandler.java:51)
	at com.sun.proxy.$Proxy9.click(Unknown Source)
	at com.vans.AllWeather.Sk8HiMte.Page.Sk8HiMtePage.clickOnAuthenticPro(Sk8HiMtePage.java:96)
	at com.vans.AllWeather.Sk8HiMte.Sk8HiMteTest.verifyAllQtyPresent(Sk8HiMteTest.java:81)
Caused by: org.openqa.selenium.ElementNotVisibleException: Element is not currently visible and so may not be interacted with
Build info: version: '2.53.0', revision: '35ae25b1534ae328c771e0856c93e187490ca824', time: '2016-03-15 10:43:46'
System info: host: 'RAXXXX.local', ip: '192.168.10.146', os.name: 'Mac OS X', os.arch: 'x86_64', os.version: '10.11.6', java.version: '9'
Driver info: driver.version: unknown
	at <anonymous class>.fxdriver.preconditions.visible(file:///var/folders/j2/808yw4z113565wfnrygbz_2w0000gq/T/anonymous12402206760259868310webdriver-profile/extensions/fxdriver@googlecode.com/components/command-processor.js:10092)
	at <anonymous class>.DelayedCommand.prototype.checkPreconditions_(file:///var/folders/j2/808yw4z113565wfnrygbz_2w0000gq/T/anonymous12402206760259868310webdriver-profile/extensions/fxdriver@googlecode.com/components/command-processor.js:12644)
	at <anonymous class>.DelayedCommand.prototype.executeInternal_/h(file:///var/folders/j2/808yw4z113565wfnrygbz_2w0000gq/T/anonymous12402206760259868310webdriver-profile/extensions/fxdriver@googlecode.com/components/command-processor.js:12661)
	at <anonymous class>.DelayedCommand.prototype.executeInternal_(file:///var/folders/j2/808yw4z113565wfnrygbz_2w0000gq/T/anonymous12402206760259868310webdriver-profile/extensions/fxdriver@googlecode.com/components/command-processor.js:12666)
	at <anonymous class>.DelayedCommand.prototype.execute/<(file:///var/folders/j2/808yw4z113565wfnrygbz_2w0000gq/T/anonymous12402206760259868310webdriver-profile/extensions/fxdriver@googlecode.com/components/command-processor.js:12608)
... Removed 32 stack frames]]>
    </failure>
  </testcase> <!-- verifyAllQtyPresent -->
  <testcase classname="com.vans.AllWeather.Sk8HiMte.Sk8HiMteTest" name="verifyAllSizesPresent" time="0.263">
    <failure type="org.openqa.selenium.ElementNotVisibleException" message="Element is not currently visible and so may not be interacted with
Command duration or timeout: 35 milliseconds
Build info: version: &amp;apos;2.53.0&amp;apos;, revision: &amp;apos;35ae25b1534ae328c771e0856c93e187490ca824&amp;apos;, time: &amp;apos;2016-03-15 10:43:46&amp;apos;
System info: host: &amp;apos;RAXXXX.local&amp;apos;, ip: &amp;apos;192.168.10.146&amp;apos;, os.name: &amp;apos;Mac OS X&amp;apos;, os.arch: &amp;apos;x86_64&amp;apos;, os.version: &amp;apos;10.11.6&amp;apos;, java.version: &amp;apos;9&amp;apos;
Driver info: org.openqa.selenium.firefox.FirefoxDriver
Capabilities [{applicationCacheEnabled=true, rotatable=false, handlesAlerts=true, databaseEnabled=true, version=45.0.1, platform=MAC, nativeEvents=false, acceptSslCerts=true, webStorageEnabled=true, locationContextEnabled=true, browserName=firefox, takesScreenshot=true, javascriptEnabled=true, cssSelectorsEnabled=true}]
Session ID: 0f31ba01-3e66-6441-a444-3b78a05f1f7d">
      <![CDATA[org.openqa.selenium.ElementNotVisibleException: Element is not currently visible and so may not be interacted with
Command duration or timeout: 35 milliseconds
Build info: version: '2.53.0', revision: '35ae25b1534ae328c771e0856c93e187490ca824', time: '2016-03-15 10:43:46'
System info: host: 'RAXXXX.local', ip: '192.168.10.146', os.name: 'Mac OS X', os.arch: 'x86_64', os.version: '10.11.6', java.version: '9'
Driver info: org.openqa.selenium.firefox.FirefoxDriver
Capabilities [{applicationCacheEnabled=true, rotatable=false, handlesAlerts=true, databaseEnabled=true, version=45.0.1, platform=MAC, nativeEvents=false, acceptSslCerts=true, webStorageEnabled=true, locationContextEnabled=true, browserName=firefox, takesScreenshot=true, javascriptEnabled=true, cssSelectorsEnabled=true}]
Session ID: 0f31ba01-3e66-6441-a444-3b78a05f1f7d
	at org.openqa.selenium.remote.ErrorHandler.createThrowable(ErrorHandler.java:206)
	at org.openqa.selenium.remote.ErrorHandler.throwIfResponseFailed(ErrorHandler.java:158)
	at org.openqa.selenium.remote.RemoteWebDriver.execute(RemoteWebDriver.java:678)
	at org.openqa.selenium.remote.RemoteWebElement.execute(RemoteWebElement.java:327)
	at org.openqa.selenium.remote.RemoteWebElement.click(RemoteWebElement.java:85)
	at org.openqa.selenium.support.pagefactory.internal.LocatingElementHandler.invoke(LocatingElementHandler.java:51)
	at com.sun.proxy.$Proxy9.click(Unknown Source)
	at com.vans.AllWeather.Sk8HiMte.Page.Sk8HiMtePage.clickOnAuthenticPro(Sk8HiMtePage.java:96)
	at com.vans.AllWeather.Sk8HiMte.Sk8HiMteTest.verifyAllSizesPresent(Sk8HiMteTest.java:69)
Caused by: org.openqa.selenium.ElementNotVisibleException: Element is not currently visible and so may not be interacted with
Build info: version: '2.53.0', revision: '35ae25b1534ae328c771e0856c93e187490ca824', time: '2016-03-15 10:43:46'
System info: host: 'RAXXXX.local', ip: '192.168.10.146', os.name: 'Mac OS X', os.arch: 'x86_64', os.version: '10.11.6', java.version: '9'
Driver info: driver.version: unknown
	at <anonymous class>.fxdriver.preconditions.visible(file:///var/folders/j2/808yw4z113565wfnrygbz_2w0000gq/T/anonymous3415355256391249537webdriver-profile/extensions/fxdriver@googlecode.com/components/command-processor.js:10092)
	at <anonymous class>.DelayedCommand.prototype.checkPreconditions_(file:///var/folders/j2/808yw4z113565wfnrygbz_2w0000gq/T/anonymous3415355256391249537webdriver-profile/extensions/fxdriver@googlecode.com/components/command-processor.js:12644)
	at <anonymous class>.DelayedCommand.prototype.executeInternal_/h(file:///var/folders/j2/808yw4z113565wfnrygbz_2w0000gq/T/anonymous3415355256391249537webdriver-profile/extensions/fxdriver@googlecode.com/components/command-processor.js:12661)
	at <anonymous class>.DelayedCommand.prototype.executeInternal_(file:///var/folders/j2/808yw4z113565wfnrygbz_2w0000gq/T/anonymous3415355256391249537webdriver-profile/extensions/fxdriver@googlecode.com/components/command-processor.js:12666)
	at <anonymous class>.DelayedCommand.prototype.execute/<(file:///var/folders/j2/808yw4z113565wfnrygbz_2w0000gq/T/anonymous3415355256391249537webdriver-profile/extensions/fxdriver@googlecode.com/components/command-processor.js:12608)
... Removed 32 stack frames]]>
    </failure>
  </testcase> <!-- verifyAllSizesPresent -->
  <testcase classname="com.vans.AllWeather.Sk8HiMte.Sk8HiMteTest" name="verifyAllflyOutMenuOptions" time="0.276">
    <failure type="org.openqa.selenium.ElementNotVisibleException" message="Element is not currently visible and so may not be interacted with
Command duration or timeout: 25 milliseconds
Build info: version: &amp;apos;2.53.0&amp;apos;, revision: &amp;apos;35ae25b1534ae328c771e0856c93e187490ca824&amp;apos;, time: &amp;apos;2016-03-15 10:43:46&amp;apos;
System info: host: &amp;apos;RAXXXX.local&amp;apos;, ip: &amp;apos;192.168.10.146&amp;apos;, os.name: &amp;apos;Mac OS X&amp;apos;, os.arch: &amp;apos;x86_64&amp;apos;, os.version: &amp;apos;10.11.6&amp;apos;, java.version: &amp;apos;9&amp;apos;
Driver info: org.openqa.selenium.firefox.FirefoxDriver
Capabilities [{applicationCacheEnabled=true, rotatable=false, handlesAlerts=true, databaseEnabled=true, version=45.0.1, platform=MAC, nativeEvents=false, acceptSslCerts=true, webStorageEnabled=true, locationContextEnabled=true, browserName=firefox, takesScreenshot=true, javascriptEnabled=true, cssSelectorsEnabled=true}]
Session ID: 28d0936c-f561-0a48-a757-db92de769e9d">
      <![CDATA[org.openqa.selenium.ElementNotVisibleException: Element is not currently visible and so may not be interacted with
Command duration or timeout: 25 milliseconds
Build info: version: '2.53.0', revision: '35ae25b1534ae328c771e0856c93e187490ca824', time: '2016-03-15 10:43:46'
System info: host: 'RAXXXX.local', ip: '192.168.10.146', os.name: 'Mac OS X', os.arch: 'x86_64', os.version: '10.11.6', java.version: '9'
Driver info: org.openqa.selenium.firefox.FirefoxDriver
Capabilities [{applicationCacheEnabled=true, rotatable=false, handlesAlerts=true, databaseEnabled=true, version=45.0.1, platform=MAC, nativeEvents=false, acceptSslCerts=true, webStorageEnabled=true, locationContextEnabled=true, browserName=firefox, takesScreenshot=true, javascriptEnabled=true, cssSelectorsEnabled=true}]
Session ID: 28d0936c-f561-0a48-a757-db92de769e9d
	at org.openqa.selenium.remote.ErrorHandler.createThrowable(ErrorHandler.java:206)
	at org.openqa.selenium.remote.ErrorHandler.throwIfResponseFailed(ErrorHandler.java:158)
	at org.openqa.selenium.remote.RemoteWebDriver.execute(RemoteWebDriver.java:678)
	at org.openqa.selenium.remote.RemoteWebElement.execute(RemoteWebElement.java:327)
	at org.openqa.selenium.remote.RemoteWebElement.click(RemoteWebElement.java:85)
	at org.openqa.selenium.support.pagefactory.internal.LocatingElementHandler.invoke(LocatingElementHandler.java:51)
	at com.sun.proxy.$Proxy9.click(Unknown Source)
	at com.vans.AllWeather.Sk8HiMte.Page.Sk8HiMtePage.clickOnAuthenticPro(Sk8HiMtePage.java:96)
	at com.vans.AllWeather.Sk8HiMte.Sk8HiMteTest.verifyAllflyOutMenuOptions(Sk8HiMteTest.java:93)
Caused by: org.openqa.selenium.ElementNotVisibleException: Element is not currently visible and so may not be interacted with
Build info: version: '2.53.0', revision: '35ae25b1534ae328c771e0856c93e187490ca824', time: '2016-03-15 10:43:46'
System info: host: 'RAXXXX.local', ip: '192.168.10.146', os.name: 'Mac OS X', os.arch: 'x86_64', os.version: '10.11.6', java.version: '9'
Driver info: driver.version: unknown
	at <anonymous class>.fxdriver.preconditions.visible(file:///var/folders/j2/808yw4z113565wfnrygbz_2w0000gq/T/anonymous2328741596797621321webdriver-profile/extensions/fxdriver@googlecode.com/components/command-processor.js:10092)
	at <anonymous class>.DelayedCommand.prototype.checkPreconditions_(file:///var/folders/j2/808yw4z113565wfnrygbz_2w0000gq/T/anonymous2328741596797621321webdriver-profile/extensions/fxdriver@googlecode.com/components/command-processor.js:12644)
	at <anonymous class>.DelayedCommand.prototype.executeInternal_/h(file:///var/folders/j2/808yw4z113565wfnrygbz_2w0000gq/T/anonymous2328741596797621321webdriver-profile/extensions/fxdriver@googlecode.com/components/command-processor.js:12661)
	at <anonymous class>.DelayedCommand.prototype.executeInternal_(file:///var/folders/j2/808yw4z113565wfnrygbz_2w0000gq/T/anonymous2328741596797621321webdriver-profile/extensions/fxdriver@googlecode.com/components/command-processor.js:12666)
	at <anonymous class>.DelayedCommand.prototype.execute/<(file:///var/folders/j2/808yw4z113565wfnrygbz_2w0000gq/T/anonymous2328741596797621321webdriver-profile/extensions/fxdriver@googlecode.com/components/command-processor.js:12608)
... Removed 32 stack frames]]>
    </failure>
  </testcase> <!-- verifyAllflyOutMenuOptions -->
  <testcase classname="com.vans.AllWeather.Sk8HiMte.Sk8HiMteTest" name="verifyBaseurlForSk8HiMte" time="7.157"/>
  <testcase classname="com.vans.AllWeather.Sk8HiMte.Sk8HiMteTest" name="verifyClickOnBuyButton" time="0.27">
    <failure type="org.openqa.selenium.ElementNotVisibleException" message="Element is not currently visible and so may not be interacted with
Command duration or timeout: 36 milliseconds
Build info: version: &amp;apos;2.53.0&amp;apos;, revision: &amp;apos;35ae25b1534ae328c771e0856c93e187490ca824&amp;apos;, time: &amp;apos;2016-03-15 10:43:46&amp;apos;
System info: host: &amp;apos;RAXXXX.local&amp;apos;, ip: &amp;apos;192.168.10.146&amp;apos;, os.name: &amp;apos;Mac OS X&amp;apos;, os.arch: &amp;apos;x86_64&amp;apos;, os.version: &amp;apos;10.11.6&amp;apos;, java.version: &amp;apos;9&amp;apos;
Driver info: org.openqa.selenium.firefox.FirefoxDriver
Capabilities [{applicationCacheEnabled=true, rotatable=false, handlesAlerts=true, databaseEnabled=true, version=45.0.1, platform=MAC, nativeEvents=false, acceptSslCerts=true, webStorageEnabled=true, locationContextEnabled=true, browserName=firefox, takesScreenshot=true, javascriptEnabled=true, cssSelectorsEnabled=true}]
Session ID: b3103c7e-6620-7c47-a747-d86808d0bd83">
      <![CDATA[org.openqa.selenium.ElementNotVisibleException: Element is not currently visible and so may not be interacted with
Command duration or timeout: 36 milliseconds
Build info: version: '2.53.0', revision: '35ae25b1534ae328c771e0856c93e187490ca824', time: '2016-03-15 10:43:46'
System info: host: 'RAXXXX.local', ip: '192.168.10.146', os.name: 'Mac OS X', os.arch: 'x86_64', os.version: '10.11.6', java.version: '9'
Driver info: org.openqa.selenium.firefox.FirefoxDriver
Capabilities [{applicationCacheEnabled=true, rotatable=false, handlesAlerts=true, databaseEnabled=true, version=45.0.1, platform=MAC, nativeEvents=false, acceptSslCerts=true, webStorageEnabled=true, locationContextEnabled=true, browserName=firefox, takesScreenshot=true, javascriptEnabled=true, cssSelectorsEnabled=true}]
Session ID: b3103c7e-6620-7c47-a747-d86808d0bd83
	at org.openqa.selenium.remote.ErrorHandler.createThrowable(ErrorHandler.java:206)
	at org.openqa.selenium.remote.ErrorHandler.throwIfResponseFailed(ErrorHandler.java:158)
	at org.openqa.selenium.remote.RemoteWebDriver.execute(RemoteWebDriver.java:678)
	at org.openqa.selenium.remote.RemoteWebElement.execute(RemoteWebElement.java:327)
	at org.openqa.selenium.remote.RemoteWebElement.click(RemoteWebElement.java:85)
	at org.openqa.selenium.support.pagefactory.internal.LocatingElementHandler.invoke(LocatingElementHandler.java:51)
	at com.sun.proxy.$Proxy9.click(Unknown Source)
	at com.vans.AllWeather.Sk8HiMte.Page.Sk8HiMtePage.clickOnAuthenticPro(Sk8HiMtePage.java:96)
	at com.vans.AllWeather.Sk8HiMte.Sk8HiMteTest.verifyClickOnBuyButton(Sk8HiMteTest.java:33)
Caused by: org.openqa.selenium.ElementNotVisibleException: Element is not currently visible and so may not be interacted with
Build info: version: '2.53.0', revision: '35ae25b1534ae328c771e0856c93e187490ca824', time: '2016-03-15 10:43:46'
System info: host: 'RAXXXX.local', ip: '192.168.10.146', os.name: 'Mac OS X', os.arch: 'x86_64', os.version: '10.11.6', java.version: '9'
Driver info: driver.version: unknown
	at <anonymous class>.fxdriver.preconditions.visible(file:///var/folders/j2/808yw4z113565wfnrygbz_2w0000gq/T/anonymous3384790326568157879webdriver-profile/extensions/fxdriver@googlecode.com/components/command-processor.js:10092)
	at <anonymous class>.DelayedCommand.prototype.checkPreconditions_(file:///var/folders/j2/808yw4z113565wfnrygbz_2w0000gq/T/anonymous3384790326568157879webdriver-profile/extensions/fxdriver@googlecode.com/components/command-processor.js:12644)
	at <anonymous class>.DelayedCommand.prototype.executeInternal_/h(file:///var/folders/j2/808yw4z113565wfnrygbz_2w0000gq/T/anonymous3384790326568157879webdriver-profile/extensions/fxdriver@googlecode.com/components/command-processor.js:12661)
	at <anonymous class>.DelayedCommand.prototype.executeInternal_(file:///var/folders/j2/808yw4z113565wfnrygbz_2w0000gq/T/anonymous3384790326568157879webdriver-profile/extensions/fxdriver@googlecode.com/components/command-processor.js:12666)
	at <anonymous class>.DelayedCommand.prototype.execute/<(file:///var/folders/j2/808yw4z113565wfnrygbz_2w0000gq/T/anonymous3384790326568157879webdriver-profile/extensions/fxdriver@googlecode.com/components/command-processor.js:12608)
... Removed 32 stack frames]]>
    </failure>
  </testcase> <!-- verifyClickOnBuyButton -->
  <testcase classname="com.vans.AllWeather.Sk8HiMte.Sk8HiMteTest" name="verifyEmailShareButton" time="18.863"/>
  <testcase classname="com.vans.AllWeather.Sk8HiMte.Sk8HiMteTest" name="verifyMaterialsUpcharge" time="0.388">
    <failure type="org.openqa.selenium.ElementNotVisibleException" message="Element is not currently visible and so may not be interacted with
Command duration or timeout: 84 milliseconds
Build info: version: &amp;apos;2.53.0&amp;apos;, revision: &amp;apos;35ae25b1534ae328c771e0856c93e187490ca824&amp;apos;, time: &amp;apos;2016-03-15 10:43:46&amp;apos;
System info: host: &amp;apos;RAXXXX.local&amp;apos;, ip: &amp;apos;192.168.10.146&amp;apos;, os.name: &amp;apos;Mac OS X&amp;apos;, os.arch: &amp;apos;x86_64&amp;apos;, os.version: &amp;apos;10.11.6&amp;apos;, java.version: &amp;apos;9&amp;apos;
Driver info: org.openqa.selenium.firefox.FirefoxDriver
Capabilities [{applicationCacheEnabled=true, rotatable=false, handlesAlerts=true, databaseEnabled=true, version=45.0.1, platform=MAC, nativeEvents=false, acceptSslCerts=true, webStorageEnabled=true, locationContextEnabled=true, browserName=firefox, takesScreenshot=true, javascriptEnabled=true, cssSelectorsEnabled=true}]
Session ID: 5ef5dc9c-5243-6a4d-bca6-e4c6a2d7c859">
      <![CDATA[org.openqa.selenium.ElementNotVisibleException: Element is not currently visible and so may not be interacted with
Command duration or timeout: 84 milliseconds
Build info: version: '2.53.0', revision: '35ae25b1534ae328c771e0856c93e187490ca824', time: '2016-03-15 10:43:46'
System info: host: 'RAXXXX.local', ip: '192.168.10.146', os.name: 'Mac OS X', os.arch: 'x86_64', os.version: '10.11.6', java.version: '9'
Driver info: org.openqa.selenium.firefox.FirefoxDriver
Capabilities [{applicationCacheEnabled=true, rotatable=false, handlesAlerts=true, databaseEnabled=true, version=45.0.1, platform=MAC, nativeEvents=false, acceptSslCerts=true, webStorageEnabled=true, locationContextEnabled=true, browserName=firefox, takesScreenshot=true, javascriptEnabled=true, cssSelectorsEnabled=true}]
Session ID: 5ef5dc9c-5243-6a4d-bca6-e4c6a2d7c859
	at org.openqa.selenium.remote.ErrorHandler.createThrowable(ErrorHandler.java:206)
	at org.openqa.selenium.remote.ErrorHandler.throwIfResponseFailed(ErrorHandler.java:158)
	at org.openqa.selenium.remote.RemoteWebDriver.execute(RemoteWebDriver.java:678)
	at org.openqa.selenium.remote.RemoteWebElement.execute(RemoteWebElement.java:327)
	at org.openqa.selenium.remote.RemoteWebElement.click(RemoteWebElement.java:85)
	at org.openqa.selenium.support.pagefactory.internal.LocatingElementHandler.invoke(LocatingElementHandler.java:51)
	at com.sun.proxy.$Proxy9.click(Unknown Source)
	at com.vans.AllWeather.Sk8HiMte.Page.Sk8HiMtePage.clickOnAuthenticPro(Sk8HiMtePage.java:96)
	at com.vans.AllWeather.Sk8HiMte.Sk8HiMteTest.verifyMaterialsUpcharge(Sk8HiMteTest.java:21)
Caused by: org.openqa.selenium.ElementNotVisibleException: Element is not currently visible and so may not be interacted with
Build info: version: '2.53.0', revision: '35ae25b1534ae328c771e0856c93e187490ca824', time: '2016-03-15 10:43:46'
System info: host: 'RAXXXX.local', ip: '192.168.10.146', os.name: 'Mac OS X', os.arch: 'x86_64', os.version: '10.11.6', java.version: '9'
Driver info: driver.version: unknown
	at <anonymous class>.fxdriver.preconditions.visible(file:///var/folders/j2/808yw4z113565wfnrygbz_2w0000gq/T/anonymous14885935561890251685webdriver-profile/extensions/fxdriver@googlecode.com/components/command-processor.js:10092)
	at <anonymous class>.DelayedCommand.prototype.checkPreconditions_(file:///var/folders/j2/808yw4z113565wfnrygbz_2w0000gq/T/anonymous14885935561890251685webdriver-profile/extensions/fxdriver@googlecode.com/components/command-processor.js:12644)
	at <anonymous class>.DelayedCommand.prototype.executeInternal_/h(file:///var/folders/j2/808yw4z113565wfnrygbz_2w0000gq/T/anonymous14885935561890251685webdriver-profile/extensions/fxdriver@googlecode.com/components/command-processor.js:12661)
	at <anonymous class>.DelayedCommand.prototype.executeInternal_(file:///var/folders/j2/808yw4z113565wfnrygbz_2w0000gq/T/anonymous14885935561890251685webdriver-profile/extensions/fxdriver@googlecode.com/components/command-processor.js:12666)
	at <anonymous class>.DelayedCommand.prototype.execute/<(file:///var/folders/j2/808yw4z113565wfnrygbz_2w0000gq/T/anonymous14885935561890251685webdriver-profile/extensions/fxdriver@googlecode.com/components/command-processor.js:12608)
... Removed 32 stack frames]]>
    </failure>
  </testcase> <!-- verifyMaterialsUpcharge -->
  <testcase classname="com.vans.AllWeather.Sk8HiMte.Sk8HiMteTest" name="verifySharelinkButton" time="0.278">
    <failure type="org.openqa.selenium.ElementNotVisibleException" message="Element is not currently visible and so may not be interacted with
Command duration or timeout: 32 milliseconds
Build info: version: &amp;apos;2.53.0&amp;apos;, revision: &amp;apos;35ae25b1534ae328c771e0856c93e187490ca824&amp;apos;, time: &amp;apos;2016-03-15 10:43:46&amp;apos;
System info: host: &amp;apos;RAXXXX.local&amp;apos;, ip: &amp;apos;192.168.10.146&amp;apos;, os.name: &amp;apos;Mac OS X&amp;apos;, os.arch: &amp;apos;x86_64&amp;apos;, os.version: &amp;apos;10.11.6&amp;apos;, java.version: &amp;apos;9&amp;apos;
Driver info: org.openqa.selenium.firefox.FirefoxDriver
[...]
Command duration or timeout: 64 milliseconds
For documentation on this error, please visit: http://seleniumhq.org/exceptions/no_such_element.html
Build info: version: '2.53.0', revision: '35ae25b1534ae328c771e0856c93e187490ca824', time: '2016-03-15 10:43:46'
System info: host: 'RAXXXX.local', ip: '192.168.10.146', os.name: 'Mac OS X', os.arch: 'x86_64', os.version: '10.11.6', java.version: '9'
Driver info: org.openqa.selenium.firefox.FirefoxDriver
Capabilities [{applicationCacheEnabled=true, rotatable=false, handlesAlerts=true, databaseEnabled=true, version=45.0.1, platform=MAC, nativeEvents=false, acceptSslCerts=true, webStorageEnabled=true, locationContextEnabled=true, browserName=firefox, takesScreenshot=true, javascriptEnabled=true, cssSelectorsEnabled=true}]
Session ID: ddf71d31-03dd-3945-812f-88ca00be85ab
*** Element info: {Using=xpath, value=//a[@class='mini-cart-item-name-text']}
	at org.openqa.selenium.remote.ErrorHandler.createThrowable(ErrorHandler.java:206)
	at org.openqa.selenium.remote.ErrorHandler.throwIfResponseFailed(ErrorHandler.java:158)
	at org.openqa.selenium.remote.RemoteWebDriver.execute(RemoteWebDriver.java:678)
	at org.openqa.selenium.remote.RemoteWebDriver.findElement(RemoteWebDriver.java:363)
	at org.openqa.selenium.remote.RemoteWebDriver.findElementByXPath(RemoteWebDriver.java:500)
	at org.openqa.selenium.By$ByXPath.findElement(By.java:361)
	at org.openqa.selenium.remote.RemoteWebDriver.findElement(RemoteWebDriver.java:355)
	at org.openqa.selenium.support.pagefactory.DefaultElementLocator.findElement(DefaultElementLocator.java:69)
	at org.openqa.selenium.support.pagefactory.internal.LocatingElementHandler.invoke(LocatingElementHandler.java:38)
	at com.sun.proxy.$Proxy9.getText(Unknown Source)
	at com.vans.ProSkate.Sk8HiPro.Page.Sk8HiProPage.clickOnAddToCart(Sk8HiProPage.java:43)
	at com.vans.ProSkate.Sk8HiPro.Sk8HiProTest.addToCart(Sk8HiProTest.java:53)
Caused by: org.openqa.selenium.NoSuchElementException: Unable to locate element: {"method":"xpath","selector":"//a[@class='mini-cart-item-name-text']"}
For documentation on this error, please visit: http://seleniumhq.org/exceptions/no_such_element.html
Build info: version: '2.53.0', revision: '35ae25b1534ae328c771e0856c93e187490ca824', time: '2016-03-15 10:43:46'
System info: host: 'RAXXXX.local', ip: '192.168.10.146', os.name: 'Mac OS X', os.arch: 'x86_64', os.version: '10.11.6', java.version: '9'
Driver info: driver.version: unknown
	at <anonymous class>.FirefoxDriver.prototype.findElementInternal_(file:///var/folders/j2/808yw4z113565wfnrygbz_2w0000gq/T/anonymous6086329530307809863webdriver-profile/extensions/fxdriver@googlecode.com/components/driver-component.js:10770)
	at <anonymous class>.FirefoxDriver.prototype.findElement(file:///var/folders/j2/808yw4z113565wfnrygbz_2w0000gq/T/anonymous6086329530307809863webdriver-profile/extensions/fxdriver@googlecode.com/components/driver-component.js:10779)
	at <anonymous class>.DelayedCommand.prototype.executeInternal_/h(file:///var/folders/j2/808yw4z113565wfnrygbz_2w0000gq/T/anonymous6086329530307809863webdriver-profile/extensions/fxdriver@googlecode.com/components/command-processor.js:12661)
	at <anonymous class>.DelayedCommand.prototype.executeInternal_(file:///var/folders/j2/808yw4z113565wfnrygbz_2w0000gq/T/anonymous6086329530307809863webdriver-profile/extensions/fxdriver@googlecode.com/components/command-processor.js:12666)
	at <anonymous class>.DelayedCommand.prototype.execute/<(file:///var/folders/j2/808yw4z113565wfnrygbz_2w0000gq/T/anonymous6086329530307809863webdriver-profile/extensions/fxdriver@googlecode.com/components/command-processor.js:12608)
... Removed 29 stack frames]]>
    </failure>
  </testcase> <!-- addToCart -->
  <testcase classname="com.vans.ProSkate.Sk8HiPro.Sk8HiProTest" name="addToWishList" time="13.469"/>
  <testcase classname="com.vans.ProSkate.Sk8HiPro.Sk8HiProTest" name="verifyAllQtyPresent" time="19.211"/>
  <testcase classname="com.vans.ProSkate.Sk8HiPro.Sk8HiProTest" name="verifyAllSizesPresent" time="19.742"/>
  <testcase classname="com.vans.ProSkate.Sk8HiPro.Sk8HiProTest" name="verifyAllflyOutMenuOptions" time="23.515"/>
  <testcase classname="com.vans.ProSkate.Sk8HiPro.Sk8HiProTest" name="verifyBaseUrlForSk8HiPro" time="9.713"/>
  <testcase classname="com.vans.ProSkate.Sk8HiPro.Sk8HiProTest" name="verifyClickOnBuyButton" time="16.526"/>
  <testcase classname="com.vans.ProSkate.Sk8HiPro.Sk8HiProTest" name="verifyEmailShareButton" time="20.775"/>
  <testcase classname="com.vans.ProSkate.Sk8HiPro.Sk8HiProTest" name="verifyMaterialsupcharge" time="16.678"/>
  <testcase classname="com.vans.ProSkate.Sk8HiPro.Sk8HiProTest" name="verifySharelinkButton" time="21.882"/>
  <testcase classname="com.vans.ProSkate.Sk8HiPro.Sk8HiProTest" name="verifyStartOver" time="23.75"/>
  <testcase classname="com.vans.ProSkate.SlipOnPro.SlipOnProTest" name="addToCart" time="21.874">
    <failure type="org.openqa.selenium.NoSuchElementException" message="Unable to locate element: {&amp;quot;method&amp;quot;:&amp;quot;xpath&amp;quot;,&amp;quot;selector&amp;quot;:&amp;quot;//a[@class=&amp;apos;mini-cart-item-name-text&amp;apos;]&amp;quot;}
Command duration or timeout: 161 milliseconds
For documentation on this error, please visit: http://seleniumhq.org/exceptions/no_such_element.html
Build info: version: &amp;apos;2.53.0&amp;apos;, revision: &amp;apos;35ae25b1534ae328c771e0856c93e187490ca824&amp;apos;, time: &amp;apos;2016-03-15 10:43:46&amp;apos;
System info: host: &amp;apos;RAXXXX.local&amp;apos;, ip: &amp;apos;192.168.10.146&amp;apos;, os.name: &amp;apos;Mac OS X&amp;apos;, os.arch: &amp;apos;x86_64&amp;apos;, os.version: &amp;apos;10.11.6&amp;apos;, java.version: &amp;apos;9&amp;apos;
Driver info: org.openqa.selenium.firefox.FirefoxDriver
Capabilities [{applicationCacheEnabled=true, rotatable=false, handlesAlerts=true, databaseEnabled=true, version=45.0.1, platform=MAC, nativeEvents=false, acceptSslCerts=true, webStorageEnabled=true, locationContextEnabled=true, browserName=firefox, takesScreenshot=true, javascriptEnabled=true, cssSelectorsEnabled=true}]
Session ID: e3bfdc8d-df0b-2444-9a11-6f0b80eb1269
*** Element info: {Using=xpath, value=//a[@class=&amp;apos;mini-cart-item-name-text&amp;apos;]}">
      <![CDATA[org.openqa.selenium.NoSuchElementException: Unable to locate element: {"method":"xpath","selector":"//a[@class='mini-cart-item-name-text']"}
Command duration or timeout: 161 milliseconds
For documentation on this error, please visit: http://seleniumhq.org/exceptions/no_such_element.html
Build info: version: '2.53.0', revision: '35ae25b1534ae328c771e0856c93e187490ca824', time: '2016-03-15 10:43:46'
System info: host: 'RAXXXX.local', ip: '192.168.10.146', os.name: 'Mac OS X', os.arch: 'x86_64', os.version: '10.11.6', java.version: '9'
Driver info: org.openqa.selenium.firefox.FirefoxDriver
Capabilities [{applicationCacheEnabled=true, rotatable=false, handlesAlerts=true, databaseEnabled=true, version=45.0.1, platform=MAC, nativeEvents=false, acceptSslCerts=true, webStorageEnabled=true, locationContextEnabled=true, browserName=firefox, takesScreenshot=true, javascriptEnabled=true, cssSelectorsEnabled=true}]
Session ID: e3bfdc8d-df0b-2444-9a11-6f0b80eb1269
*** Element info: {Using=xpath, value=//a[@class='mini-cart-item-name-text']}
	at org.openqa.selenium.remote.ErrorHandler.createThrowable(ErrorHandler.java:206)
	at org.openqa.selenium.remote.ErrorHandler.throwIfResponseFailed(ErrorHandler.java:158)
	at org.openqa.selenium.remote.RemoteWebDriver.execute(RemoteWebDriver.java:678)
	at org.openqa.selenium.remote.RemoteWebDriver.findElement(RemoteWebDriver.java:363)
	at org.openqa.selenium.remote.RemoteWebDriver.findElementByXPath(RemoteWebDriver.java:500)
	at org.openqa.selenium.By$ByXPath.findElement(By.java:361)
	at org.openqa.selenium.remote.RemoteWebDriver.findElement(RemoteWebDriver.java:355)
	at org.openqa.selenium.support.pagefactory.DefaultElementLocator.findElement(DefaultElementLocator.java:69)
	at org.openqa.selenium.support.pagefactory.internal.LocatingElementHandler.invoke(LocatingElementHandler.java:38)
	at com.sun.proxy.$Proxy9.getText(Unknown Source)
	at com.vans.ProSkate.SlipOnPro.Page.SlipOnProPage.clickOnAddToCart(SlipOnProPage.java:43)
	at com.vans.ProSkate.SlipOnPro.SlipOnProTest.addToCart(SlipOnProTest.java:50)
Caused by: org.openqa.selenium.NoSuchElementException: Unable to locate element: {"method":"xpath","selector":"//a[@class='mini-cart-item-name-text']"}
For documentation on this error, please visit: http://seleniumhq.org/exceptions/no_such_element.html
Build info: version: '2.53.0', revision: '35ae25b1534ae328c771e0856c93e187490ca824', time: '2016-03-15 10:43:46'
System info: host: 'RAXXXX.local', ip: '192.168.10.146', os.name: 'Mac OS X', os.arch: 'x86_64', os.version: '10.11.6', java.version: '9'
Driver info: driver.version: unknown
	at <anonymous class>.FirefoxDriver.prototype.findElementInternal_(file:///var/folders/j2/808yw4z113565wfnrygbz_2w0000gq/T/anonymous1187291293660080620webdriver-profile/extensions/fxdriver@googlecode.com/components/driver-component.js:10770)
	at <anonymous class>.FirefoxDriver.prototype.findElement(file:///var/folders/j2/808yw4z113565wfnrygbz_2w0000gq/T/anonymous1187291293660080620webdriver-profile/extensions/fxdriver@googlecode.com/components/driver-component.js:10779)
	at <anonymous class>.DelayedCommand.prototype.executeInternal_/h(file:///var/folders/j2/808yw4z113565wfnrygbz_2w0000gq/T/anonymous1187291293660080620webdriver-profile/extensions/fxdriver@googlecode.com/components/command-processor.js:12661)
	at <anonymous class>.DelayedCommand.prototype.executeInternal_(file:///var/folders/j2/808yw4z113565wfnrygbz_2w0000gq/T/anonymous1187291293660080620webdriver-profile/extensions/fxdriver@googlecode.com/components/command-processor.js:12666)
	at <anonymous class>.DelayedCommand.prototype.execute/<(file:///var/folders/j2/808yw4z113565wfnrygbz_2w0000gq/T/anonymous1187291293660080620webdriver-profile/extensions/fxdriver@googlecode.com/components/command-processor.js:12608)
... Removed 29 stack frames]]>
    </failure>
  </testcase> <!-- addToCart -->
  <testcase classname="com.vans.ProSkate.SlipOnPro.SlipOnProTest" name="addToWishList" time="12.635"/>
  <testcase classname="com.vans.ProSkate.SlipOnPro.SlipOnProTest" name="verifyAllQtyPresent" time="16.736"/>
  <testcase classname="com.vans.ProSkate.SlipOnPro.SlipOnProTest" name="verifyAllSizesPresent" time="0.307">
    <failure type="org.openqa.selenium.ElementNotVisibleException" message="Element is not currently visible and so may not be interacted with
Command duration or timeout: 30 milliseconds
Build info: version: &amp;apos;2.53.0&amp;apos;, revision: &amp;apos;35ae25b1534ae328c771e0856c93e187490ca824&amp;apos;, time: &amp;apos;2016-03-15 10:43:46&amp;apos;
System info: host: &amp;apos;RAXXXX.local&amp;apos;, ip: &amp;apos;192.168.10.146&amp;apos;, os.name: &amp;apos;Mac OS X&amp;apos;, os.arch: &amp;apos;x86_64&amp;apos;, os.version: &amp;apos;10.11.6&amp;apos;, java.version: &amp;apos;9&amp;apos;
Driver info: org.openqa.selenium.firefox.FirefoxDriver
Capabilities [{applicationCacheEnabled=true, rotatable=false, handlesAlerts=true, databaseEnabled=true, version=45.0.1, platform=MAC, nativeEvents=false, acceptSslCerts=true, webStorageEnabled=true, locationContextEnabled=true, browserName=firefox, takesScreenshot=true, javascriptEnabled=true, cssSelectorsEnabled=true}]
Session ID: ef9de829-b71d-aa4b-998b-be56d95af0fc">
      <![CDATA[org.openqa.selenium.ElementNotVisibleException: Element is not currently visible and so may not be interacted with
Command duration or timeout: 30 milliseconds
Build info: version: '2.53.0', revision: '35ae25b1534ae328c771e0856c93e187490ca824', time: '2016-03-15 10:43:46'
System info: host: 'RAXXXX.local', ip: '192.168.10.146', os.name: 'Mac OS X', os.arch: 'x86_64', os.version: '10.11.6', java.version: '9'
Driver info: org.openqa.selenium.firefox.FirefoxDriver
Capabilities [{applicationCacheEnabled=true, rotatable=false, handlesAlerts=true, databaseEnabled=true, version=45.0.1, platform=MAC, nativeEvents=false, acceptSslCerts=true, webStorageEnabled=true, locationContextEnabled=true, browserName=firefox, takesScreenshot=true, javascriptEnabled=true, cssSelectorsEnabled=true}]
Session ID: ef9de829-b71d-aa4b-998b-be56d95af0fc
	at org.openqa.selenium.remote.ErrorHandler.createThrowable(ErrorHandler.java:206)
	at org.openqa.selenium.remote.ErrorHandler.throwIfResponseFailed(ErrorHandler.java:158)
	at org.openqa.selenium.remote.RemoteWebDriver.execute(RemoteWebDriver.java:678)
	at org.openqa.selenium.remote.RemoteWebElement.execute(RemoteWebElement.java:327)
	at org.openqa.selenium.remote.RemoteWebElement.click(RemoteWebElement.java:85)
	at org.openqa.selenium.support.pagefactory.internal.LocatingElementHandler.invoke(LocatingElementHandler.java:51)
	at com.sun.proxy.$Proxy9.click(Unknown Source)
	at com.vans.ProSkate.SlipOnPro.Page.SlipOnProPage.clickOnSlipOnPro(SlipOnProPage.java:98)
	at com.vans.ProSkate.SlipOnPro.SlipOnProTest.verifyAllSizesPresent(SlipOnProTest.java:66)
Caused by: org.openqa.selenium.ElementNotVisibleException: Element is not currently visible and so may not be interacted with
Build info: version: '2.53.0', revision: '35ae25b1534ae328c771e0856c93e187490ca824', time: '2016-03-15 10:43:46'
System info: host: 'RAXXXX.local', ip: '192.168.10.146', os.name: 'Mac OS X', os.arch: 'x86_64', os.version: '10.11.6', java.version: '9'
Driver info: driver.version: unknown
	at <anonymous class>.fxdriver.preconditions.visible(file:///var/folders/j2/808yw4z113565wfnrygbz_2w0000gq/T/anonymous14549565923174723404webdriver-profile/extensions/fxdriver@googlecode.com/components/command-processor.js:10092)
	at <anonymous class>.DelayedCommand.prototype.checkPreconditions_(file:///var/folders/j2/808yw4z113565wfnrygbz_2w0000gq/T/anonymous14549565923174723404webdriver-profile/extensions/fxdriver@googlecode.com/components/command-processor.js:12644)
	at <anonymous class>.DelayedCommand.prototype.executeInternal_/h(file:///var/folders/j2/808yw4z113565wfnrygbz_2w0000gq/T/anonymous14549565923174723404webdriver-profile/extensions/fxdriver@googlecode.com/components/command-processor.js:12661)
	at <anonymous class>.DelayedCommand.prototype.executeInternal_(file:///var/folders/j2/808yw4z113565wfnrygbz_2w0000gq/T/anonymous14549565923174723404webdriver-profile/extensions/fxdriver@googlecode.com/components/command-processor.js:12666)
	at <anonymous class>.DelayedCommand.prototype.execute/<(file:///var/folders/j2/808yw4z113565wfnrygbz_2w0000gq/T/anonymous14549565923174723404webdriver-profile/extensions/fxdriver@googlecode.com/components/command-processor.js:12608)
... Removed 32 stack frames]]>
    </failure>
  </testcase> <!-- verifyAllSizesPresent -->
  <testcase classname="com.vans.ProSkate.SlipOnPro.SlipOnProTest" name="verifyAllflyOutMenuOptions" time="19.08"/>
  <testcase classname="com.vans.ProSkate.SlipOnPro.SlipOnProTest" name="verifyBaseUrlForSk8HiPro" time="8.316"/>
  <testcase classname="com.vans.ProSkate.SlipOnPro.SlipOnProTest" name="verifyClickOnBuyButton" time="0.3">
    <failure type="org.openqa.selenium.ElementNotVisibleException" message="Element is not currently visible and so may not be interacted with
Command duration or timeout: 17 milliseconds
Build info: version: &amp;apos;2.53.0&amp;apos;, revision: &amp;apos;35ae25b1534ae328c771e0856c93e187490ca824&amp;apos;, time: &amp;apos;2016-03-15 10:43:46&amp;apos;
System info: host: &amp;apos;RAXXXX.local&amp;apos;, ip: &amp;apos;192.168.10.146&amp;apos;, os.name: &amp;apos;Mac OS X&amp;apos;, os.arch: &amp;apos;x86_64&amp;apos;, os.version: &amp;apos;10.11.6&amp;apos;, java.version: &amp;apos;9&amp;apos;
Driver info: org.openqa.selenium.firefox.FirefoxDriver
Capabilities [{applicationCacheEnabled=true, rotatable=false, handlesAlerts=true, databaseEnabled=true, version=45.0.1, platform=MAC, nativeEvents=false, acceptSslCerts=true, webStorageEnabled=true, locationContextEnabled=true, browserName=firefox, takesScreenshot=true, javascriptEnabled=true, cssSelectorsEnabled=true}]
Session ID: dddd1b79-5315-0b48-9a18-ac74978dc85b">
      <![CDATA[org.openqa.selenium.ElementNotVisibleException: Element is not currently visible and so may not be interacted with
Command duration or timeout: 17 milliseconds
Build info: version: '2.53.0', revision: '35ae25b1534ae328c771e0856c93e187490ca824', time: '2016-03-15 10:43:46'
System info: host: 'RAXXXX.local', ip: '192.168.10.146', os.name: 'Mac OS X', os.arch: 'x86_64', os.version: '10.11.6', java.version: '9'
Driver info: org.openqa.selenium.firefox.FirefoxDriver
Capabilities [{applicationCacheEnabled=true, rotatable=false, handlesAlerts=true, databaseEnabled=true, version=45.0.1, platform=MAC, nativeEvents=false, acceptSslCerts=true, webStorageEnabled=true, locationContextEnabled=true, browserName=firefox, takesScreenshot=true, javascriptEnabled=true, cssSelectorsEnabled=true}]
Session ID: dddd1b79-5315-0b48-9a18-ac74978dc85b
	at org.openqa.selenium.remote.ErrorHandler.createThrowable(ErrorHandler.java:206)
	at org.openqa.selenium.remote.ErrorHandler.throwIfResponseFailed(ErrorHandler.java:158)
	at org.openqa.selenium.remote.RemoteWebDriver.execute(RemoteWebDriver.java:678)
	at org.openqa.selenium.remote.RemoteWebElement.execute(RemoteWebElement.java:327)
	at org.openqa.selenium.remote.RemoteWebElement.click(RemoteWebElement.java:85)
	at org.openqa.selenium.support.pagefactory.internal.LocatingElementHandler.invoke(LocatingElementHandler.java:51)
	at com.sun.proxy.$Proxy9.click(Unknown Source)
	at com.vans.ProSkate.SlipOnPro.Page.SlipOnProPage.clickOnSlipOnPro(SlipOnProPage.java:98)
	at com.vans.ProSkate.SlipOnPro.SlipOnProTest.verifyClickOnBuyButton(SlipOnProTest.java:33)
Caused by: org.openqa.selenium.ElementNotVisibleException: Element is not currently visible and so may not be interacted with
Build info: version: '2.53.0', revision: '35ae25b1534ae328c771e0856c93e187490ca824', time: '2016-03-15 10:43:46'
System info: host: 'RAXXXX.local', ip: '192.168.10.146', os.name: 'Mac OS X', os.arch: 'x86_64', os.version: '10.11.6', java.version: '9'
Driver info: driver.version: unknown
	at <anonymous class>.fxdriver.preconditions.visible(file:///var/folders/j2/808yw4z113565wfnrygbz_2w0000gq/T/anonymous14649874515237649006webdriver-profile/extensions/fxdriver@googlecode.com/components/command-processor.js:10092)
	at <anonymous class>.DelayedCommand.prototype.checkPreconditions_(file:///var/folders/j2/808yw4z113565wfnrygbz_2w0000gq/T/anonymous14649874515237649006webdriver-profile/extensions/fxdriver@googlecode.com/components/command-processor.js:12644)
	at <anonymous class>.DelayedCommand.prototype.executeInternal_/h(file:///var/folders/j2/808yw4z113565wfnrygbz_2w0000gq/T/anonymous14649874515237649006webdriver-profile/extensions/fxdriver@googlecode.com/components/command-processor.js:12661)
	at <anonymous class>.DelayedCommand.prototype.executeInternal_(file:///var/folders/j2/808yw4z113565wfnrygbz_2w0000gq/T/anonymous14649874515237649006webdriver-profile/extensions/fxdriver@googlecode.com/components/command-processor.js:12666)
	at <anonymous class>.DelayedCommand.prototype.execute/<(file:///var/folders/j2/808yw4z113565wfnrygbz_2w0000gq/T/anonymous14649874515237649006webdriver-profile/extensions/fxdriver@googlecode.com/components/command-processor.js:12608)
... Removed 32 stack frames]]>
    </failure>
  </testcase> <!-- verifyClickOnBuyButton -->
  <testcase classname="com.vans.ProSkate.SlipOnPro.SlipOnProTest" name="verifyEmailShareButton" time="18.166"/>
  <testcase classname="com.vans.ProSkate.SlipOnPro.SlipOnProTest" name="verifyMaterialsupcharge" time="17.177"/>
  <testcase classname="com.vans.ProSkate.SlipOnPro.SlipOnProTest" name="verifySharelinkButton" time="20.677"/>
  <testcase classname="com.vans.ProSkate.SlipOnPro.SlipOnProTest" name="verifyStartOver" time="22.569"/>
</testsuite> <!-- Test1 -->
